{"numFailedTestSuites":1,"numFailedTests":2,"numPassedTestSuites":10,"numPassedTests":16,"numPendingTestSuites":0,"numPendingTests":0,"numRuntimeErrorTestSuites":0,"numTotalTestSuites":11,"numTotalTests":18,"snapshot":{"added":0,"didUpdate":false,"failure":true,"filesAdded":0,"filesRemoved":0,"filesUnmatched":1,"filesUpdated":0,"matched":16,"total":18,"unchecked":0,"unmatched":2,"updated":0},"startTime":1511580309208,"success":false,"testResults":[{"assertionResults":[{"ancestorTitles":["SystemMessage component"],"failureMessages":[],"fullName":"SystemMessage component should render without issues","status":"passed","title":"should render without issues"}],"endTime":1511580312131,"message":"","name":"/Users/sandino/repos/letstalk-toolkit/packages/ChatElements/lib/components/SystemMessage/__tests__/SystemMessage.js","startTime":1511580310739,"status":"passed","summary":""},{"assertionResults":[{"ancestorTitles":["FileMessage component"],"failureMessages":[],"fullName":"FileMessage component should render without issues","status":"passed","title":"should render without issues"}],"endTime":1511580312150,"message":"","name":"/Users/sandino/repos/letstalk-toolkit/packages/ChatElements/lib/components/FileMessage/__tests__/FileMessage.js","startTime":1511580310743,"status":"passed","summary":""},{"assertionResults":[{"ancestorTitles":["ChatIcon component"],"failureMessages":[],"fullName":"ChatIcon component should render with no props","status":"passed","title":"should render with no props"},{"ancestorTitles":["ChatIcon component"],"failureMessages":[],"fullName":"ChatIcon component should render with custom props","status":"passed","title":"should render with custom props"}],"endTime":1511580312477,"message":"","name":"/Users/sandino/repos/letstalk-toolkit/packages/ChatElements/lib/components/ChatIcon/__tests__/ChatIcon.js","startTime":1511580310738,"status":"passed","summary":""},{"assertionResults":[{"ancestorTitles":["ActionableMessageBox component"],"failureMessages":[],"fullName":"ActionableMessageBox component should render without data","status":"passed","title":"should render without data"},{"ancestorTitles":["ActionableMessageBox component"],"failureMessages":[],"fullName":"ActionableMessageBox component should render with data","status":"passed","title":"should render with data"}],"endTime":1511580312686,"message":"","name":"/Users/sandino/repos/letstalk-toolkit/packages/ChatElements/lib/components/ActionableMessageBox/__tests__/ActionableMessageBox.js","startTime":1511580312172,"status":"passed","summary":""},{"assertionResults":[{"ancestorTitles":["MessageBox component"],"failureMessages":[],"fullName":"MessageBox component should render without issues","status":"passed","title":"should render without issues"}],"endTime":1511580312816,"message":"","name":"/Users/sandino/repos/letstalk-toolkit/packages/ChatElements/lib/components/MessageBox/__tests__/MessageBox.js","startTime":1511580312175,"status":"passed","summary":""},{"assertionResults":[{"ancestorTitles":["Avatar component"],"failureMessages":[],"fullName":"Avatar component should render without data","status":"passed","title":"should render without data"},{"ancestorTitles":["Avatar component"],"failureMessages":[],"fullName":"Avatar component should render with data","status":"passed","title":"should render with data"}],"endTime":1511580313183,"message":"","name":"/Users/sandino/repos/letstalk-toolkit/packages/ChatElements/lib/components/Avatar/__tests__/Avatar.js","startTime":1511580312495,"status":"passed","summary":""},{"assertionResults":[{"ancestorTitles":["ConversationList component"],"failureMessages":[],"fullName":"ConversationList component should render with empty props","status":"passed","title":"should render with empty props"},{"ancestorTitles":["ConversationList component"],"failureMessages":[],"fullName":"ConversationList component should render with custom props","status":"passed","title":"should render with custom props"}],"endTime":1511580313496,"message":"","name":"/Users/sandino/repos/letstalk-toolkit/packages/ChatElements/lib/components/ConversationList/__tests__/ConversationList.js","startTime":1511580312699,"status":"passed","summary":""},{"assertionResults":[{"ancestorTitles":["Button component"],"failureMessages":[],"fullName":"Button component should render with minimal props","status":"passed","title":"should render with minimal props"},{"ancestorTitles":["Button component"],"failureMessages":[],"fullName":"Button component should render with data","status":"passed","title":"should render with data"}],"endTime":1511580313516,"message":"","name":"/Users/sandino/repos/letstalk-toolkit/packages/ChatElements/lib/components/Button/__tests__/Button.js","startTime":1511580312834,"status":"passed","summary":""},{"assertionResults":[{"ancestorTitles":["ConversationListBox component"],"failureMessages":[],"fullName":"ConversationListBox component should render with minimal props","status":"passed","title":"should render with minimal props"},{"ancestorTitles":["ConversationListBox component"],"failureMessages":[],"fullName":"ConversationListBox component should render with custom props","status":"passed","title":"should render with custom props"}],"endTime":1511580313825,"message":"","name":"/Users/sandino/repos/letstalk-toolkit/packages/ChatElements/lib/components/ConversationListBox/__tests__/ConversationListBox.js","startTime":1511580313195,"status":"passed","summary":""},{"assertionResults":[{"ancestorTitles":["PhotoMessage component"],"failureMessages":[],"fullName":"PhotoMessage component should render without issues","status":"passed","title":"should render without issues"}],"endTime":1511580313951,"message":"","name":"/Users/sandino/repos/letstalk-toolkit/packages/ChatElements/lib/components/PhotoMessage/__tests__/PhotoMessage.js","startTime":1511580313507,"status":"passed","summary":""},{"assertionResults":[{"ancestorTitles":["ConversationBox component"],"failureMessages":["Error: \u001b[2mexpect(\u001b[22m\u001b[31mvalue\u001b[39m\u001b[2m).toMatchSnapshot(\u001b[22m\u001b[2m)\u001b[22m\n\n\u001b[31mReceived value\u001b[39m does not match \u001b[32mstored snapshot 1\u001b[39m.\n\n\u001b[32m- Snapshot\u001b[39m\n\u001b[31m+ Received\u001b[39m\n\n\u001b[33m@@ -37,11 +37,11 @@\u001b[39m\n\u001b[2m             \u001b[22m\n\u001b[2m          </div>\u001b[22m\n\u001b[2m          <div\u001b[22m\n\u001b[2m            className=\"cbox-time\"\u001b[22m\n\u001b[2m          >\u001b[22m\n\u001b[32m-           4 days\u001b[39m\n\u001b[31m+           5 days\u001b[39m\n\u001b[2m          </div>\u001b[22m\n\u001b[2m        </div>\u001b[22m\n\u001b[2m      </div>\u001b[22m\n\u001b[2m      <div\u001b[22m\n\u001b[2m        className=\"cbox-row\"\u001b[22m\n    at Object.<anonymous> (/Users/sandino/repos/letstalk-toolkit/packages/ChatElements/lib/components/ConversationBox/__tests__/ConversationBox.js:27:52)\n    at Object.asyncFn (/Users/sandino/repos/letstalk-toolkit/packages/ChatElements/node_modules/jest-jasmine2/build/jasmine_async.js:124:345)\n    at e (/Users/sandino/repos/letstalk-toolkit/packages/ChatElements/node_modules/jest-jasmine2/build/queue_runner.js:46:12)\n    at mapper (/Users/sandino/repos/letstalk-toolkit/packages/ChatElements/node_modules/jest-jasmine2/build/queue_runner.js:34:499)\n    at promise.then (/Users/sandino/repos/letstalk-toolkit/packages/ChatElements/node_modules/jest-jasmine2/build/queue_runner.js:74:39)\n    at process._tickCallback (internal/process/next_tick.js:109:7)"],"fullName":"ConversationBox component should render with minimal props","status":"failed","title":"should render with minimal props"},{"ancestorTitles":["ConversationBox component"],"failureMessages":["Error: \u001b[2mexpect(\u001b[22m\u001b[31mvalue\u001b[39m\u001b[2m).toMatchSnapshot(\u001b[22m\u001b[2m)\u001b[22m\n\n\u001b[31mReceived value\u001b[39m does not match \u001b[32mstored snapshot 1\u001b[39m.\n\n\u001b[32m- Snapshot\u001b[39m\n\u001b[31m+ Received\u001b[39m\n\n\u001b[33m@@ -37,11 +37,11 @@\u001b[39m\n\u001b[2m             \u001b[22m\n\u001b[2m          </div>\u001b[22m\n\u001b[2m          <div\u001b[22m\n\u001b[2m            className=\"cbox-time\"\u001b[22m\n\u001b[2m          >\u001b[22m\n\u001b[32m-           4 days\u001b[39m\n\u001b[31m+           5 days\u001b[39m\n\u001b[2m          </div>\u001b[22m\n\u001b[2m        </div>\u001b[22m\n\u001b[2m      </div>\u001b[22m\n\u001b[2m      <div\u001b[22m\n\u001b[2m        className=\"cbox-row\"\u001b[22m\n    at Object.<anonymous> (/Users/sandino/repos/letstalk-toolkit/packages/ChatElements/lib/components/ConversationBox/__tests__/ConversationBox.js:39:52)\n    at Object.asyncFn (/Users/sandino/repos/letstalk-toolkit/packages/ChatElements/node_modules/jest-jasmine2/build/jasmine_async.js:124:345)\n    at e (/Users/sandino/repos/letstalk-toolkit/packages/ChatElements/node_modules/jest-jasmine2/build/queue_runner.js:46:12)\n    at mapper (/Users/sandino/repos/letstalk-toolkit/packages/ChatElements/node_modules/jest-jasmine2/build/queue_runner.js:34:499)\n    at promise.then (/Users/sandino/repos/letstalk-toolkit/packages/ChatElements/node_modules/jest-jasmine2/build/queue_runner.js:74:39)\n    at process._tickCallback (internal/process/next_tick.js:109:7)"],"fullName":"ConversationBox component should render with custom props","status":"failed","title":"should render with custom props"}],"endTime":1511580313998,"message":"\u001b[1m\u001b[31m  \u001b[1m● \u001b[1mConversationBox component › should render with minimal props\u001b[39m\u001b[22m\n\n    \u001b[2mexpect(\u001b[22m\u001b[31mvalue\u001b[39m\u001b[2m).toMatchSnapshot(\u001b[22m\u001b[2m)\u001b[22m\n    \n    \u001b[31mReceived value\u001b[39m does not match \u001b[32mstored snapshot 1\u001b[39m.\n    \n    \u001b[32m- Snapshot\u001b[39m\n    \u001b[31m+ Received\u001b[39m\n    \n    \u001b[33m@@ -37,11 +37,11 @@\u001b[39m\n    \u001b[2m             \u001b[22m\n    \u001b[2m          </div>\u001b[22m\n    \u001b[2m          <div\u001b[22m\n    \u001b[2m            className=\"cbox-time\"\u001b[22m\n    \u001b[2m          >\u001b[22m\n    \u001b[32m-           4 days\u001b[39m\n    \u001b[31m+           5 days\u001b[39m\n    \u001b[2m          </div>\u001b[22m\n    \u001b[2m        </div>\u001b[22m\n    \u001b[2m      </div>\u001b[22m\n    \u001b[2m      <div\u001b[22m\n    \u001b[2m        className=\"cbox-row\"\u001b[22m\n\u001b[2m      \u001b[22m\n\u001b[2m      \u001b[2mat Object.<anonymous> (\u001b[2m\u001b[0m\u001b[36mlib/components/ConversationBox/__tests__/ConversationBox.js\u001b[39m\u001b[0m\u001b[2m:27:52)\u001b[2m\u001b[22m\n\u001b[2m      \u001b[2mat process._tickCallback (\u001b[2m\u001b[0m\u001b[36minternal/process/next_tick.js\u001b[39m\u001b[0m\u001b[2m:109:7)\u001b[2m\u001b[22m\n\n\u001b[1m\u001b[31m  \u001b[1m● \u001b[1mConversationBox component › should render with custom props\u001b[39m\u001b[22m\n\n    \u001b[2mexpect(\u001b[22m\u001b[31mvalue\u001b[39m\u001b[2m).toMatchSnapshot(\u001b[22m\u001b[2m)\u001b[22m\n    \n    \u001b[31mReceived value\u001b[39m does not match \u001b[32mstored snapshot 1\u001b[39m.\n    \n    \u001b[32m- Snapshot\u001b[39m\n    \u001b[31m+ Received\u001b[39m\n    \n    \u001b[33m@@ -37,11 +37,11 @@\u001b[39m\n    \u001b[2m             \u001b[22m\n    \u001b[2m          </div>\u001b[22m\n    \u001b[2m          <div\u001b[22m\n    \u001b[2m            className=\"cbox-time\"\u001b[22m\n    \u001b[2m          >\u001b[22m\n    \u001b[32m-           4 days\u001b[39m\n    \u001b[31m+           5 days\u001b[39m\n    \u001b[2m          </div>\u001b[22m\n    \u001b[2m        </div>\u001b[22m\n    \u001b[2m      </div>\u001b[22m\n    \u001b[2m      <div\u001b[22m\n    \u001b[2m        className=\"cbox-row\"\u001b[22m\n\u001b[2m      \u001b[22m\n\u001b[2m      \u001b[2mat Object.<anonymous> (\u001b[2m\u001b[0m\u001b[36mlib/components/ConversationBox/__tests__/ConversationBox.js\u001b[39m\u001b[0m\u001b[2m:39:52)\u001b[2m\u001b[22m\n\u001b[2m      \u001b[2mat process._tickCallback (\u001b[2m\u001b[0m\u001b[36minternal/process/next_tick.js\u001b[39m\u001b[0m\u001b[2m:109:7)\u001b[2m\u001b[22m\n","name":"/Users/sandino/repos/letstalk-toolkit/packages/ChatElements/lib/components/ConversationBox/__tests__/ConversationBox.js","startTime":1511580313524,"status":"failed","summary":""}],"wasInterrupted":false}