{"numFailedTestSuites":0,"numFailedTests":0,"numPassedTestSuites":26,"numPassedTests":90,"numPendingTestSuites":0,"numPendingTests":0,"numRuntimeErrorTestSuites":0,"numTotalTestSuites":26,"numTotalTests":90,"snapshot":{"added":0,"didUpdate":false,"failure":false,"filesAdded":0,"filesRemoved":0,"filesUnmatched":0,"filesUpdated":0,"matched":66,"total":66,"unchecked":0,"uncheckedKeys":[],"unmatched":0,"updated":0},"startTime":1526949002336,"success":true,"testResults":[{"assertionResults":[{"ancestorTitles":["Button component"],"failureMessages":[],"fullName":"Button component should render with minimal props","location":null,"status":"passed","title":"should render with minimal props"},{"ancestorTitles":["Button component"],"failureMessages":[],"fullName":"Button component should render with data","location":null,"status":"passed","title":"should render with data"},{"ancestorTitles":["Button component","Button with and without clickHandler"],"failureMessages":[],"fullName":"Button component Button with and without clickHandler Test clickHandler event without Promise","location":null,"status":"passed","title":"Test clickHandler event without Promise"},{"ancestorTitles":["Button component"],"failureMessages":[],"fullName":"Button component Test clickHandler event with Promise","location":null,"status":"passed","title":"Test clickHandler event with Promise"}],"endTime":1526949007443,"message":"","name":"/Users/sandino/repos/letstalk-toolkit/packages/lt-chat-elements/lib/components/Button/__tests__/Button.js","startTime":1526949003904,"status":"passed","summary":""},{"assertionResults":[{"ancestorTitles":["utils/hoc"],"failureMessages":[],"fullName":"utils/hoc Component should call componentWillReceiveProps on update","location":null,"status":"passed","title":"Component should call componentWillReceiveProps on update"},{"ancestorTitles":["utils/hoc"],"failureMessages":[],"fullName":"utils/hoc withLoading: should adds loading feature to a wrapper component","location":null,"status":"passed","title":"withLoading: should adds loading feature to a wrapper component"},{"ancestorTitles":["utils/hoc"],"failureMessages":[],"fullName":"utils/hoc withPaginated: should adds loading feature to a wrapper component","location":null,"status":"passed","title":"withPaginated: should adds loading feature to a wrapper component"},{"ancestorTitles":["utils/hoc"],"failureMessages":[],"fullName":"utils/hoc withScrollWatch: should adds loading feature to a wrapper component","location":null,"status":"passed","title":"withScrollWatch: should adds loading feature to a wrapper component"},{"ancestorTitles":["utils/hoc"],"failureMessages":[],"fullName":"utils/hoc WithInfiniteScroll: should adds loading feature to a wrapper component","location":null,"status":"passed","title":"WithInfiniteScroll: should adds loading feature to a wrapper component"}],"endTime":1526949007649,"message":"","name":"/Users/sandino/repos/letstalk-toolkit/packages/lt-chat-elements/lib/utils/__tests__/hoc.js","startTime":1526949003906,"status":"passed","summary":""},{"assertionResults":[{"ancestorTitles":["WidgetBox component"],"failureMessages":[],"fullName":"WidgetBox component should render with no props","location":null,"status":"passed","title":"should render with no props"},{"ancestorTitles":["WidgetBox component"],"failureMessages":[],"fullName":"WidgetBox component should render with custom props","location":null,"status":"passed","title":"should render with custom props"}],"endTime":1526949008066,"message":"","name":"/Users/sandino/repos/letstalk-toolkit/packages/lt-chat-elements/lib/components/WidgetBox/__tests__/WidgetBox.js","startTime":1526949003903,"status":"passed","summary":""},{"assertionResults":[{"ancestorTitles":["ActionableMessageBox component"],"failureMessages":[],"fullName":"ActionableMessageBox component should render without data","location":null,"status":"passed","title":"should render without data"},{"ancestorTitles":["ActionableMessageBox component"],"failureMessages":[],"fullName":"ActionableMessageBox component should render with data","location":null,"status":"passed","title":"should render with data"},{"ancestorTitles":["ActionableMessageBox component"],"failureMessages":[],"fullName":"ActionableMessageBox component should have the correct styles (Those that depends on the theme)","location":null,"status":"passed","title":"should have the correct styles (Those that depends on the theme)"},{"ancestorTitles":["ActionableMessageBox component"],"failureMessages":[],"fullName":"ActionableMessageBox component should render the correct html structure","location":null,"status":"passed","title":"should render the correct html structure"},{"ancestorTitles":["ActionableMessageBox component"],"failureMessages":[],"fullName":"ActionableMessageBox component should handle the click event on the items correctly","location":null,"status":"passed","title":"should handle the click event on the items correctly"}],"endTime":1526949008478,"message":"","name":"/Users/sandino/repos/letstalk-toolkit/packages/lt-chat-elements/lib/components/ActionableMessageBox/__tests__/ActionableMessageBox.js","startTime":1526949007471,"status":"passed","summary":""},{"assertionResults":[{"ancestorTitles":["ItemsMenu component"],"failureMessages":[],"fullName":"ItemsMenu component should render with empty data","location":null,"status":"passed","title":"should render with empty data"},{"ancestorTitles":["ItemsMenu component"],"failureMessages":[],"fullName":"ItemsMenu component should render with data","location":null,"status":"passed","title":"should render with data"},{"ancestorTitles":["ItemsMenu component"],"failureMessages":[],"fullName":"ItemsMenu component should have the correct styles (Those that depends on the theme)","location":null,"status":"passed","title":"should have the correct styles (Those that depends on the theme)"},{"ancestorTitles":["ItemsMenu component"],"failureMessages":[],"fullName":"ItemsMenu component should render the correct html structure","location":null,"status":"passed","title":"should render the correct html structure"},{"ancestorTitles":["ItemsMenu component"],"failureMessages":[],"fullName":"ItemsMenu component should handle the click event on the items correctly","location":null,"status":"passed","title":"should handle the click event on the items correctly"}],"endTime":1526949008693,"message":"","name":"/Users/sandino/repos/letstalk-toolkit/packages/lt-chat-elements/lib/components/ItemsMenu/__tests__/ItemsMenu.js","startTime":1526949007674,"status":"passed","summary":""},{"assertionResults":[{"ancestorTitles":["Loading component"],"failureMessages":[],"fullName":"Loading component should render without issues when isLoading is false","location":null,"status":"passed","title":"should render without issues when isLoading is false"},{"ancestorTitles":["Loading component"],"failureMessages":[],"fullName":"Loading component should render a Loading indicator when isLoading is true","location":null,"status":"passed","title":"should render a Loading indicator when isLoading is true"},{"ancestorTitles":["Loading component"],"failureMessages":[],"fullName":"Loading component should render an error when isLoading is true and there is error object","location":null,"status":"passed","title":"should render an error when isLoading is true and there is error object"}],"endTime":1526949008760,"message":"","name":"/Users/sandino/repos/letstalk-toolkit/packages/lt-chat-elements/lib/components/Loading/__tests__/Loading.js","startTime":1526949008091,"status":"passed","summary":""},{"assertionResults":[{"ancestorTitles":["TagList component"],"failureMessages":[],"fullName":"TagList component should render with empty props","location":null,"status":"passed","title":"should render with empty props"},{"ancestorTitles":["TagList component"],"failureMessages":[],"fullName":"TagList component should render with custom props","location":null,"status":"passed","title":"should render with custom props"},{"ancestorTitles":["TagList component"],"failureMessages":[],"fullName":"TagList component should render with no tags the empty state","location":null,"status":"passed","title":"should render with no tags the empty state"}],"endTime":1526949009200,"message":"","name":"/Users/sandino/repos/letstalk-toolkit/packages/lt-chat-elements/lib/components/TagList/__tests__/TagList.js","startTime":1526949008492,"status":"passed","summary":""},{"assertionResults":[{"ancestorTitles":["Tag component"],"failureMessages":[],"fullName":"Tag component should render with empty props","location":null,"status":"passed","title":"should render with empty props"},{"ancestorTitles":["Tag component"],"failureMessages":[],"fullName":"Tag component should render with custom props","location":null,"status":"passed","title":"should render with custom props"}],"endTime":1526949009229,"message":"","name":"/Users/sandino/repos/letstalk-toolkit/packages/lt-chat-elements/lib/components/Tag/__tests__/Tag.js","startTime":1526949008772,"status":"passed","summary":""},{"assertionResults":[{"ancestorTitles":["Loader component"],"failureMessages":[],"fullName":"Loader component should render with no props","location":null,"status":"passed","title":"should render with no props"},{"ancestorTitles":["Loader component"],"failureMessages":[],"fullName":"Loader component should render a Loader indicator when active is true","location":null,"status":"passed","title":"should render a Loader indicator when active is true"},{"ancestorTitles":["Loader component"],"failureMessages":[],"fullName":"Loader component should render correctly with fullScreen","location":null,"status":"passed","title":"should render correctly with fullScreen"},{"ancestorTitles":["Loader component"],"failureMessages":[],"fullName":"Loader component should render correctly with fullScreen","location":null,"status":"passed","title":"should render correctly with fullScreen"},{"ancestorTitles":["Loader component"],"failureMessages":[],"fullName":"Loader component should render only one div when type is ball-clip-rotate","location":null,"status":"passed","title":"should render only one div when type is ball-clip-rotate"}],"endTime":1526949009242,"message":"","name":"/Users/sandino/repos/letstalk-toolkit/packages/lt-chat-elements/lib/components/Loader/__tests__/Loading.js","startTime":1526949008835,"status":"passed","summary":""},{"assertionResults":[{"ancestorTitles":["utils/hoc"],"failureMessages":[],"fullName":"utils/hoc Should return empty circle","location":null,"status":"passed","title":"Should return empty circle"},{"ancestorTitles":["utils/hoc"],"failureMessages":[],"fullName":"utils/hoc Should return a centered circle","location":null,"status":"passed","title":"Should return a centered circle"},{"ancestorTitles":["utils/hoc"],"failureMessages":[],"fullName":"utils/hoc Should return 2 circles in the same row","location":null,"status":"passed","title":"Should return 2 circles in the same row"},{"ancestorTitles":["utils/hoc"],"failureMessages":[],"fullName":"utils/hoc Should return 3 circles in the 2 rows","location":null,"status":"passed","title":"Should return 3 circles in the 2 rows"},{"ancestorTitles":["utils/hoc"],"failureMessages":[],"fullName":"utils/hoc Should return 4 circles in the 2 rows","location":null,"status":"passed","title":"Should return 4 circles in the 2 rows"}],"endTime":1526949009753,"message":"","name":"/Users/sandino/repos/letstalk-toolkit/packages/lt-chat-elements/lib/utils/__tests__/index.js","startTime":1526949009369,"status":"passed","summary":""},{"assertionResults":[{"ancestorTitles":["Avatar component"],"failureMessages":[],"fullName":"Avatar component should render without data","location":null,"status":"passed","title":"should render without data"},{"ancestorTitles":["Avatar component"],"failureMessages":[],"fullName":"Avatar component should render with data and circle case","location":null,"status":"passed","title":"should render with data and circle case"},{"ancestorTitles":["Avatar component"],"failureMessages":[],"fullName":"Avatar component should render with data and children case (String children)","location":null,"status":"passed","title":"should render with data and children case (String children)"},{"ancestorTitles":["Avatar component"],"failureMessages":[],"fullName":"Avatar component should render with data and children case (Component children)","location":null,"status":"passed","title":"should render with data and children case (Component children)"},{"ancestorTitles":["Avatar component"],"failureMessages":[],"fullName":"Avatar component Should render proper status and size","location":null,"status":"passed","title":"Should render proper status and size"}],"endTime":1526949009910,"message":"","name":"/Users/sandino/repos/letstalk-toolkit/packages/lt-chat-elements/lib/components/Avatar/__tests__/Avatar.js","startTime":1526949009313,"status":"passed","summary":""},{"assertionResults":[{"ancestorTitles":["ConversationList component"],"failureMessages":[],"fullName":"ConversationList component should render with empty props","location":null,"status":"passed","title":"should render with empty props"},{"ancestorTitles":["ConversationList component"],"failureMessages":[],"fullName":"ConversationList component should render with custom props","location":null,"status":"passed","title":"should render with custom props"},{"ancestorTitles":["ConversationList component"],"failureMessages":[],"fullName":"ConversationList component should render with no conversation the empty state","location":null,"status":"passed","title":"should render with no conversation the empty state"},{"ancestorTitles":["ConversationList component"],"failureMessages":[],"fullName":"ConversationList component Test onClick event ","location":null,"status":"passed","title":"Test onClick event "}],"endTime":1526949010349,"message":"","name":"/Users/sandino/repos/letstalk-toolkit/packages/lt-chat-elements/lib/components/ConversationList/__tests__/ConversationList.js","startTime":1526949009260,"status":"passed","summary":""},{"assertionResults":[{"ancestorTitles":["Header component"],"failureMessages":[],"fullName":"Header component should render with minimal props","location":null,"status":"passed","title":"should render with minimal props"},{"ancestorTitles":["Header component"],"failureMessages":[],"fullName":"Header component should render with data","location":null,"status":"passed","title":"should render with data"},{"ancestorTitles":["Header component","Header with openMenu and toggleChat functions handlers"],"failureMessages":[],"fullName":"Header component Header with openMenu and toggleChat functions handlers Test toggleChat function handler is called when click on proper button","location":null,"status":"passed","title":"Test toggleChat function handler is called when click on proper button"},{"ancestorTitles":["Header component","Header with openMenu and toggleChat functions handlers"],"failureMessages":[],"fullName":"Header component Header with openMenu and toggleChat functions handlers Test openMenu function handler is being called when clicked on proper button","location":null,"status":"passed","title":"Test openMenu function handler is being called when clicked on proper button"}],"endTime":1526949010666,"message":"","name":"/Users/sandino/repos/letstalk-toolkit/packages/lt-chat-elements/lib/components/Header/__tests__/Header.js","startTime":1526949009765,"status":"passed","summary":""},{"assertionResults":[{"ancestorTitles":["AttachmentMenu component"],"failureMessages":[],"fullName":"AttachmentMenu component should render with empty data","location":null,"status":"passed","title":"should render with empty data"},{"ancestorTitles":["AttachmentMenu component"],"failureMessages":[],"fullName":"AttachmentMenu component should render with data","location":null,"status":"passed","title":"should render with data"},{"ancestorTitles":["AttachmentMenu component"],"failureMessages":[],"fullName":"AttachmentMenu component should have the correct styles (Those that depends on the theme)","location":null,"status":"passed","title":"should have the correct styles (Those that depends on the theme)"},{"ancestorTitles":["AttachmentMenu component"],"failureMessages":[],"fullName":"AttachmentMenu component should render the correct html structure","location":null,"status":"passed","title":"should render the correct html structure"},{"ancestorTitles":["AttachmentMenu component"],"failureMessages":[],"fullName":"AttachmentMenu component should handle the click event on the items correctly","location":null,"status":"passed","title":"should handle the click event on the items correctly"},{"ancestorTitles":["AttachmentMenu component"],"failureMessages":[],"fullName":"AttachmentMenu component should render ok with default icons","location":null,"status":"passed","title":"should render ok with default icons"}],"endTime":1526949010868,"message":"","name":"/Users/sandino/repos/letstalk-toolkit/packages/lt-chat-elements/lib/components/AttachmentMenu/__tests__/AttachmentMenu.js","startTime":1526949009919,"status":"passed","summary":""},{"assertionResults":[{"ancestorTitles":["ChatCard component"],"failureMessages":[],"fullName":"ChatCard component should render with no props","location":null,"status":"passed","title":"should render with no props"},{"ancestorTitles":["ChatCard component"],"failureMessages":[],"fullName":"ChatCard component should render with custom props","location":null,"status":"passed","title":"should render with custom props"},{"ancestorTitles":["ChatCard component"],"failureMessages":[],"fullName":"ChatCard component should render with custom props","location":null,"status":"passed","title":"should render with custom props"},{"ancestorTitles":["ChatCard component"],"failureMessages":[],"fullName":"ChatCard component should have the correct styles (Those that depends on the theme)","location":null,"status":"passed","title":"should have the correct styles (Those that depends on the theme)"}],"endTime":1526949011120,"message":"","name":"/Users/sandino/repos/letstalk-toolkit/packages/lt-chat-elements/lib/components/ChatCard/__tests__/ChatCard.js","startTime":1526949010357,"status":"passed","summary":""},{"assertionResults":[{"ancestorTitles":["ConversationListBox component"],"failureMessages":[],"fullName":"ConversationListBox component should render with minimal props","location":null,"status":"passed","title":"should render with minimal props"},{"ancestorTitles":["ConversationListBox component"],"failureMessages":[],"fullName":"ConversationListBox component should render with custom props","location":null,"status":"passed","title":"should render with custom props"}],"endTime":1526949011488,"message":"","name":"/Users/sandino/repos/letstalk-toolkit/packages/lt-chat-elements/lib/components/ConversationListBox/__tests__/ConversationListBox.js","startTime":1526949010678,"status":"passed","summary":""},{"assertionResults":[{"ancestorTitles":["TimeMarkMessage component"],"failureMessages":[],"fullName":"TimeMarkMessage component should render without data","location":null,"status":"passed","title":"should render without data"},{"ancestorTitles":["TimeMarkMessage component"],"failureMessages":[],"fullName":"TimeMarkMessage component should render with data","location":null,"status":"passed","title":"should render with data"}],"endTime":1526949011535,"message":"","name":"/Users/sandino/repos/letstalk-toolkit/packages/lt-chat-elements/lib/components/TimeMarkMessage/__tests__/TimeMarkMessage.js","startTime":1526949010882,"status":"passed","summary":""},{"assertionResults":[{"ancestorTitles":["SystemMessage component"],"failureMessages":[],"fullName":"SystemMessage component should render without issues","location":null,"status":"passed","title":"should render without issues"}],"endTime":1526949011675,"message":"","name":"/Users/sandino/repos/letstalk-toolkit/packages/lt-chat-elements/lib/components/SystemMessage/__tests__/SystemMessage.js","startTime":1526949011137,"status":"passed","summary":""},{"assertionResults":[{"ancestorTitles":["ConversationBox component"],"failureMessages":[],"fullName":"ConversationBox component should render with minimal props","location":null,"status":"passed","title":"should render with minimal props"},{"ancestorTitles":["ConversationBox component"],"failureMessages":[],"fullName":"ConversationBox component should render with custom props","location":null,"status":"passed","title":"should render with custom props"}],"endTime":1526949012035,"message":"","name":"/Users/sandino/repos/letstalk-toolkit/packages/lt-chat-elements/lib/components/ConversationBox/__tests__/ConversationBox.js","startTime":1526949011551,"status":"passed","summary":""},{"assertionResults":[{"ancestorTitles":["ChatIcon component"],"failureMessages":[],"fullName":"ChatIcon component should render with no props","location":null,"status":"passed","title":"should render with no props"},{"ancestorTitles":["ChatIcon component"],"failureMessages":[],"fullName":"ChatIcon component should render with custom props","location":null,"status":"passed","title":"should render with custom props"},{"ancestorTitles":["ChatIcon component"],"failureMessages":[],"fullName":"ChatIcon component should render Icon component","location":null,"status":"passed","title":"should render Icon component"},{"ancestorTitles":["ChatIcon component"],"failureMessages":[],"fullName":"ChatIcon component should render with Image","location":null,"status":"passed","title":"should render with Image"}],"endTime":1526949012637,"message":"","name":"/Users/sandino/repos/letstalk-toolkit/packages/lt-chat-elements/lib/components/ChatIcon/__tests__/ChatIcon.js","startTime":1526949011504,"status":"passed","summary":""},{"assertionResults":[{"ancestorTitles":["AvatarGroup component"],"failureMessages":[],"fullName":"AvatarGroup component should render without data","location":null,"status":"passed","title":"should render without data"},{"ancestorTitles":["AvatarGroup component"],"failureMessages":[],"fullName":"AvatarGroup component should render with data","location":null,"status":"passed","title":"should render with data"}],"endTime":1526949013079,"message":"","name":"/Users/sandino/repos/letstalk-toolkit/packages/lt-chat-elements/lib/components/AvatarGroup/__tests__/AvatarGroup.js","startTime":1526949012049,"status":"passed","summary":""},{"assertionResults":[{"ancestorTitles":["ChatNotification component"],"failureMessages":[],"fullName":"ChatNotification component should render with no props","location":null,"status":"passed","title":"should render with no props"},{"ancestorTitles":["ChatNotification component"],"failureMessages":[],"fullName":"ChatNotification component should render with custom props","location":null,"status":"passed","title":"should render with custom props"}],"endTime":1526949013093,"message":"","name":"/Users/sandino/repos/letstalk-toolkit/packages/lt-chat-elements/lib/components/ChatNotification/__tests__/ChatNotification.js","startTime":1526949011687,"status":"passed","summary":""},{"assertionResults":[{"ancestorTitles":["FileMessage component"],"failureMessages":[],"fullName":"FileMessage component should render without issues","location":null,"status":"passed","title":"should render without issues"},{"ancestorTitles":["FileMessage component"],"failureMessages":[],"fullName":"FileMessage component should render with data props","location":null,"status":"passed","title":"should render with data props"},{"ancestorTitles":["FileMessage component"],"failureMessages":[],"fullName":"FileMessage component should call the onDownload action","location":null,"status":"passed","title":"should call the onDownload action"},{"ancestorTitles":["FileMessage component"],"failureMessages":[],"fullName":"FileMessage component should call the onOpen action","location":null,"status":"passed","title":"should call the onOpen action"}],"endTime":1526949013816,"message":"","name":"/Users/sandino/repos/letstalk-toolkit/packages/lt-chat-elements/lib/components/FileMessage/__tests__/FileMessage.js","startTime":1526949013092,"status":"passed","summary":""},{"assertionResults":[{"ancestorTitles":["NormalMessageBox component"],"failureMessages":[],"fullName":"NormalMessageBox component should render without issues","location":null,"status":"passed","title":"should render without issues"},{"ancestorTitles":["NormalMessageBox component"],"failureMessages":[],"fullName":"NormalMessageBox component should render a System message","location":null,"status":"passed","title":"should render a System message"},{"ancestorTitles":["NormalMessageBox component"],"failureMessages":[],"fullName":"NormalMessageBox component should render a Time message","location":null,"status":"passed","title":"should render a Time message"}],"endTime":1526949014401,"message":"","name":"/Users/sandino/repos/letstalk-toolkit/packages/lt-chat-elements/lib/components/MessageBox/__tests__/NormalMessageBox.js","startTime":1526949012724,"status":"passed","summary":""},{"assertionResults":[{"ancestorTitles":["MessageBox component"],"failureMessages":[],"fullName":"MessageBox component should render without issues","location":null,"status":"passed","title":"should render without issues"},{"ancestorTitles":["MessageBox component"],"failureMessages":[],"fullName":"MessageBox component should render a System message","location":null,"status":"passed","title":"should render a System message"},{"ancestorTitles":["MessageBox component"],"failureMessages":[],"fullName":"MessageBox component should render a Time message","location":null,"status":"passed","title":"should render a Time message"}],"endTime":1526949014533,"message":"","name":"/Users/sandino/repos/letstalk-toolkit/packages/lt-chat-elements/lib/components/MessageBox/__tests__/MessageBox.js","startTime":1526949013106,"status":"passed","summary":""},{"assertionResults":[{"ancestorTitles":["PhotoMessage component"],"failureMessages":[],"fullName":"PhotoMessage component should render a System message","location":null,"status":"passed","title":"should render a System message"},{"ancestorTitles":["PhotoMessage component"],"failureMessages":[],"fullName":"PhotoMessage component Test clickHandler event with Promise","location":null,"status":"passed","title":"Test clickHandler event with Promise"},{"ancestorTitles":["PhotoMessage component"],"failureMessages":[],"fullName":"PhotoMessage component Test clickHandler event with Promise","location":null,"status":"passed","title":"Test clickHandler event with Promise"}],"endTime":1526949014816,"message":"","name":"/Users/sandino/repos/letstalk-toolkit/packages/lt-chat-elements/lib/components/PhotoMessage/__tests__/PhotoMessage.js","startTime":1526949013830,"status":"passed","summary":""}],"wasInterrupted":false}