<?xml version="1.0" encoding="UTF-8"?>
<coverage generated="1511497945933" clover="3.2.0">
  <project timestamp="1511497945934" name="All files">
    <metrics statements="182" coveredstatements="96" conditionals="178" coveredconditionals="58" methods="61" coveredmethods="18" elements="421" coveredelements="172" complexity="0" loc="182" ncloc="182" packages="16" files="17" classes="17">
      <package name="components.ActionableMessageBox">
        <metrics statements="8" coveredstatements="7" conditionals="2" coveredconditionals="1" methods="3" coveredmethods="2"/>
        <file name="index.js" path="/Users/sandino/repos/letstalk-toolkit/packages/ChatElements/lib/components/ActionableMessageBox/index.js">
          <metrics statements="8" coveredstatements="7" conditionals="2" coveredconditionals="1" methods="3" coveredmethods="2"/>
          <line num="7" count="2" type="stmt"/>
          <line num="8" count="2" type="stmt"/>
          <line num="9" count="2" type="stmt"/>
          <line num="11" count="2" type="stmt"/>
          <line num="15" count="8" type="stmt"/>
          <line num="19" count="0" type="cond" truecount="1" falsecount="1"/>
          <line num="28" count="2" type="stmt"/>
          <line num="32" count="2" type="stmt"/>
        </file>
      </package>
      <package name="components.Avatar">
        <metrics statements="4" coveredstatements="4" conditionals="2" coveredconditionals="2" methods="1" coveredmethods="1"/>
        <file name="index.js" path="/Users/sandino/repos/letstalk-toolkit/packages/ChatElements/lib/components/Avatar/index.js">
          <metrics statements="4" coveredstatements="4" conditionals="2" coveredconditionals="2" methods="1" coveredmethods="1"/>
          <line num="7" count="5" type="stmt"/>
          <line num="9" count="2" type="stmt"/>
          <line num="21" count="5" type="stmt"/>
          <line num="30" count="5" type="stmt"/>
        </file>
      </package>
      <package name="components.Button">
        <metrics statements="19" coveredstatements="7" conditionals="8" coveredconditionals="2" methods="7" coveredmethods="2"/>
        <file name="index.js" path="/Users/sandino/repos/letstalk-toolkit/packages/ChatElements/lib/components/Button/index.js">
          <metrics statements="19" coveredstatements="7" conditionals="8" coveredconditionals="2" methods="7" coveredmethods="2"/>
          <line num="7" count="2" type="stmt"/>
          <line num="8" count="2" type="stmt"/>
          <line num="13" count="2" type="stmt"/>
          <line num="14" count="2" type="stmt"/>
          <line num="21" count="0" type="stmt"/>
          <line num="23" count="0" type="stmt"/>
          <line num="24" count="0" type="stmt"/>
          <line num="26" count="0" type="stmt"/>
          <line num="28" count="0" type="stmt"/>
          <line num="30" count="0" type="cond" truecount="0" falsecount="4"/>
          <line num="31" count="0" type="stmt"/>
          <line num="33" count="0" type="stmt"/>
          <line num="34" count="0" type="stmt"/>
          <line num="36" count="0" type="stmt"/>
          <line num="42" count="0" type="stmt"/>
          <line num="49" count="2" type="stmt"/>
          <line num="51" count="2" type="stmt"/>
          <line num="58" count="0" type="stmt"/>
          <line num="65" count="2" type="stmt"/>
        </file>
      </package>
      <package name="components.ChatIcon">
        <metrics statements="28" coveredstatements="21" conditionals="25" coveredconditionals="16" methods="5" coveredmethods="1"/>
        <file name="index.js" path="/Users/sandino/repos/letstalk-toolkit/packages/ChatElements/lib/components/ChatIcon/index.js">
          <metrics statements="28" coveredstatements="21" conditionals="25" coveredconditionals="16" methods="5" coveredmethods="1"/>
          <line num="9" count="1" type="stmt"/>
          <line num="12" count="2" type="stmt"/>
          <line num="13" count="2" type="stmt"/>
          <line num="15" count="2" type="cond" truecount="2" falsecount="2"/>
          <line num="16" count="2" type="stmt"/>
          <line num="19" count="2" type="cond" truecount="3" falsecount="1"/>
          <line num="20" count="0" type="stmt"/>
          <line num="23" count="2" type="cond" truecount="1" falsecount="1"/>
          <line num="24" count="0" type="stmt"/>
          <line num="27" count="2" type="cond" truecount="1" falsecount="1"/>
          <line num="28" count="0" type="stmt"/>
          <line num="33" count="2" type="stmt"/>
          <line num="37" count="2" type="stmt"/>
          <line num="39" count="2" type="stmt"/>
          <line num="41" count="2" type="cond" truecount="1" falsecount="1"/>
          <line num="43" count="2" type="stmt"/>
          <line num="60" count="2" type="stmt"/>
          <line num="63" count="2" type="stmt"/>
          <line num="64" count="0" type="stmt"/>
          <line num="65" count="0" type="stmt"/>
          <line num="81" count="2" type="stmt"/>
          <line num="86" count="2" type="stmt"/>
          <line num="89" count="0" type="stmt"/>
          <line num="99" count="2" type="stmt"/>
          <line num="118" count="0" type="stmt"/>
          <line num="131" count="2" type="stmt"/>
          <line num="140" count="1" type="stmt"/>
          <line num="182" count="1" type="stmt"/>
        </file>
      </package>
      <package name="components.ConversationBox">
        <metrics statements="10" coveredstatements="10" conditionals="8" coveredconditionals="6" methods="2" coveredmethods="2"/>
        <file name="index.js" path="/Users/sandino/repos/letstalk-toolkit/packages/ChatElements/lib/components/ConversationBox/index.js">
          <metrics statements="10" coveredstatements="10" conditionals="8" coveredconditionals="6" methods="2" coveredmethods="2"/>
          <line num="12" count="2" type="stmt"/>
          <line num="13" count="2" type="stmt"/>
          <line num="14" count="2" type="cond" truecount="1" falsecount="1"/>
          <line num="15" count="2" type="cond" truecount="1" falsecount="1"/>
          <line num="16" count="2" type="stmt"/>
          <line num="17" count="2" type="stmt"/>
          <line num="19" count="2" type="stmt"/>
          <line num="61" count="2" type="stmt"/>
          <line num="74" count="2" type="stmt"/>
          <line num="80" count="2" type="stmt"/>
        </file>
      </package>
      <package name="components.ConversationList">
        <metrics statements="12" coveredstatements="6" conditionals="8" coveredconditionals="0" methods="9" coveredmethods="0"/>
        <file name="Loadable.js" path="/Users/sandino/repos/letstalk-toolkit/packages/ChatElements/lib/components/ConversationList/Loadable.js">
          <metrics statements="4" coveredstatements="3" conditionals="0" coveredconditionals="0" methods="5" coveredmethods="0"/>
          <line num="6" count="1" type="stmt"/>
          <line num="8" count="1" type="stmt"/>
          <line num="9" count="0" type="stmt"/>
          <line num="14" count="1" type="stmt"/>
        </file>
        <file name="index.js" path="/Users/sandino/repos/letstalk-toolkit/packages/ChatElements/lib/components/ConversationList/index.js">
          <metrics statements="8" coveredstatements="3" conditionals="8" coveredconditionals="0" methods="4" coveredmethods="0"/>
          <line num="12" count="0" type="cond" truecount="0" falsecount="2"/>
          <line num="13" count="0" type="stmt"/>
          <line num="18" count="0" type="stmt"/>
          <line num="24" count="0" type="stmt"/>
          <line num="28" count="0" type="cond" truecount="0" falsecount="2"/>
          <line num="52" count="1" type="stmt"/>
          <line num="73" count="1" type="stmt"/>
          <line num="80" count="1" type="stmt"/>
        </file>
      </package>
      <package name="components.ConversationListBox">
        <metrics statements="5" coveredstatements="5" conditionals="0" coveredconditionals="0" methods="1" coveredmethods="1"/>
        <file name="index.js" path="/Users/sandino/repos/letstalk-toolkit/packages/ChatElements/lib/components/ConversationListBox/index.js">
          <metrics statements="5" coveredstatements="5" conditionals="0" coveredconditionals="0" methods="1" coveredmethods="1"/>
          <line num="10" count="1" type="stmt"/>
          <line num="25" count="2" type="stmt"/>
          <line num="27" count="2" type="stmt"/>
          <line num="53" count="1" type="stmt"/>
          <line num="69" count="1" type="stmt"/>
        </file>
      </package>
      <package name="components.FileMessage">
        <metrics statements="10" coveredstatements="5" conditionals="18" coveredconditionals="2" methods="3" coveredmethods="2"/>
        <file name="index.js" path="/Users/sandino/repos/letstalk-toolkit/packages/ChatElements/lib/components/FileMessage/index.js">
          <metrics statements="10" coveredstatements="5" conditionals="18" coveredconditionals="2" methods="3" coveredmethods="2"/>
          <line num="12" count="1" type="stmt"/>
          <line num="13" count="1" type="stmt"/>
          <line num="17" count="0" type="cond" truecount="0" falsecount="2"/>
          <line num="19" count="0" type="cond" truecount="0" falsecount="4"/>
          <line num="20" count="0" type="stmt"/>
          <line num="21" count="0" type="cond" truecount="0" falsecount="4"/>
          <line num="22" count="0" type="stmt"/>
          <line num="27" count="1" type="stmt"/>
          <line num="63" count="2" type="stmt"/>
          <line num="71" count="2" type="stmt"/>
        </file>
      </package>
      <package name="components.Header">
        <metrics statements="3" coveredstatements="2" conditionals="6" coveredconditionals="0" methods="1" coveredmethods="0"/>
        <file name="index.js" path="/Users/sandino/repos/letstalk-toolkit/packages/ChatElements/lib/components/Header/index.js">
          <metrics statements="3" coveredstatements="2" conditionals="6" coveredconditionals="0" methods="1" coveredmethods="0"/>
          <line num="10" count="1" type="stmt"/>
          <line num="14" count="0" type="stmt"/>
          <line num="40" count="1" type="stmt"/>
        </file>
      </package>
      <package name="components.Loader">
        <metrics statements="24" coveredstatements="3" conditionals="10" coveredconditionals="0" methods="2" coveredmethods="0"/>
        <file name="index.js" path="/Users/sandino/repos/letstalk-toolkit/packages/ChatElements/lib/components/Loader/index.js">
          <metrics statements="24" coveredstatements="3" conditionals="10" coveredconditionals="0" methods="2" coveredmethods="0"/>
          <line num="8" count="2" type="stmt"/>
          <line num="9" count="0" type="stmt"/>
          <line num="17" count="0" type="stmt"/>
          <line num="18" count="0" type="stmt"/>
          <line num="19" count="0" type="cond" truecount="0" falsecount="2"/>
          <line num="20" count="0" type="cond" truecount="0" falsecount="2"/>
          <line num="21" count="0" type="stmt"/>
          <line num="23" count="0" type="stmt"/>
          <line num="24" count="0" type="stmt"/>
          <line num="25" count="0" type="stmt"/>
          <line num="27" count="0" type="stmt"/>
          <line num="32" count="0" type="stmt"/>
          <line num="33" count="0" type="stmt"/>
          <line num="39" count="0" type="stmt"/>
          <line num="40" count="0" type="stmt"/>
          <line num="41" count="0" type="stmt"/>
          <line num="43" count="0" type="stmt"/>
          <line num="52" count="2" type="stmt"/>
          <line num="65" count="0" type="cond" truecount="0" falsecount="2"/>
          <line num="67" count="0" type="stmt"/>
          <line num="69" count="0" type="cond" truecount="0" falsecount="2"/>
          <line num="70" count="0" type="stmt"/>
          <line num="72" count="0" type="stmt"/>
          <line num="89" count="2" type="stmt"/>
        </file>
      </package>
      <package name="components.Loading">
        <metrics statements="7" coveredstatements="2" conditionals="8" coveredconditionals="0" methods="1" coveredmethods="0"/>
        <file name="index.js" path="/Users/sandino/repos/letstalk-toolkit/packages/ChatElements/lib/components/Loading/index.js">
          <metrics statements="7" coveredstatements="2" conditionals="8" coveredconditionals="0" methods="1" coveredmethods="0"/>
          <line num="5" count="1" type="stmt"/>
          <line num="6" count="0" type="cond" truecount="0" falsecount="4"/>
          <line num="7" count="0" type="stmt"/>
          <line num="8" count="0" type="cond" truecount="0" falsecount="4"/>
          <line num="9" count="0" type="stmt"/>
          <line num="11" count="0" type="stmt"/>
          <line num="14" count="1" type="stmt"/>
        </file>
      </package>
      <package name="components.MessageBox">
        <metrics statements="6" coveredstatements="6" conditionals="44" coveredconditionals="26" methods="1" coveredmethods="1"/>
        <file name="index.js" path="/Users/sandino/repos/letstalk-toolkit/packages/ChatElements/lib/components/MessageBox/index.js">
          <metrics statements="6" coveredstatements="6" conditionals="44" coveredconditionals="26" methods="1" coveredmethods="1"/>
          <line num="23" count="1" type="stmt"/>
          <line num="24" count="1" type="stmt"/>
          <line num="29" count="1" type="cond" truecount="1" falsecount="1"/>
          <line num="31" count="1" type="stmt"/>
          <line num="194" count="1" type="stmt"/>
          <line num="215" count="1" type="stmt"/>
        </file>
      </package>
      <package name="components.PhotoMessage">
        <metrics statements="4" coveredstatements="4" conditionals="13" coveredconditionals="3" methods="1" coveredmethods="1"/>
        <file name="index.js" path="/Users/sandino/repos/letstalk-toolkit/packages/ChatElements/lib/components/PhotoMessage/index.js">
          <metrics statements="4" coveredstatements="4" conditionals="13" coveredconditionals="3" methods="1" coveredmethods="1"/>
          <line num="9" count="2" type="stmt"/>
          <line num="10" count="1" type="stmt"/>
          <line num="57" count="2" type="stmt"/>
          <line num="64" count="2" type="stmt"/>
        </file>
      </package>
      <package name="components.SystemMessage">
        <metrics statements="4" coveredstatements="4" conditionals="0" coveredconditionals="0" methods="1" coveredmethods="1"/>
        <file name="index.js" path="/Users/sandino/repos/letstalk-toolkit/packages/ChatElements/lib/components/SystemMessage/index.js">
          <metrics statements="4" coveredstatements="4" conditionals="0" coveredconditionals="0" methods="1" coveredmethods="1"/>
          <line num="6" count="2" type="stmt"/>
          <line num="8" count="2" type="stmt"/>
          <line num="10" count="1" type="stmt"/>
          <line num="21" count="2" type="stmt"/>
        </file>
      </package>
      <package name="test-utils">
        <metrics statements="1" coveredstatements="1" conditionals="0" coveredconditionals="0" methods="0" coveredmethods="0"/>
        <file name="jest.setup.js" path="/Users/sandino/repos/letstalk-toolkit/packages/ChatElements/lib/test-utils/jest.setup.js">
          <metrics statements="1" coveredstatements="1" conditionals="0" coveredconditionals="0" methods="0" coveredmethods="0"/>
          <line num="5" count="11" type="stmt"/>
        </file>
      </package>
      <package name="utils">
        <metrics statements="37" coveredstatements="9" conditionals="26" coveredconditionals="0" methods="23" coveredmethods="4"/>
        <file name="hoc.js" path="/Users/sandino/repos/letstalk-toolkit/packages/ChatElements/lib/utils/hoc.js">
          <metrics statements="37" coveredstatements="9" conditionals="26" coveredconditionals="0" methods="23" coveredmethods="4"/>
          <line num="4" count="1" type="stmt"/>
          <line num="5" count="0" type="stmt"/>
          <line num="7" count="0" type="stmt"/>
          <line num="11" count="0" type="stmt"/>
          <line num="15" count="0" type="cond" truecount="0" falsecount="2"/>
          <line num="19" count="0" type="stmt"/>
          <line num="24" count="0" type="stmt"/>
          <line num="28" count="1" type="stmt"/>
          <line num="30" count="0" type="stmt"/>
          <line num="31" count="0" type="stmt"/>
          <line num="38" count="0" type="stmt"/>
          <line num="42" count="0" type="stmt"/>
          <line num="49" count="0" type="stmt"/>
          <line num="53" count="1" type="stmt"/>
          <line num="55" count="0" type="stmt"/>
          <line num="63" count="1" type="stmt"/>
          <line num="65" count="0" type="stmt"/>
          <line num="81" count="1" type="stmt"/>
          <line num="83" count="2" type="stmt"/>
          <line num="84" count="2" type="stmt"/>
          <line num="87" count="2" type="stmt"/>
          <line num="91" count="0" type="cond" truecount="0" falsecount="2"/>
          <line num="92" count="0" type="stmt"/>
          <line num="98" count="0" type="stmt"/>
          <line num="100" count="0" type="cond" truecount="0" falsecount="2"/>
          <line num="102" count="0" type="stmt"/>
          <line num="104" count="0" type="cond" truecount="0" falsecount="7"/>
          <line num="109" count="0" type="cond" truecount="0" falsecount="2"/>
          <line num="111" count="0" type="stmt"/>
          <line num="114" count="0" type="stmt"/>
          <line num="116" count="0" type="cond" truecount="0" falsecount="2"/>
          <line num="117" count="0" type="stmt"/>
          <line num="122" count="0" type="stmt"/>
          <line num="126" count="0" type="stmt"/>
          <line num="127" count="0" type="cond" truecount="0" falsecount="2"/>
          <line num="131" count="2" type="stmt"/>
          <line num="133" count="0" type="stmt"/>
        </file>
      </package>
    </metrics>
  </project>
</coverage>
