{"/Users/sandino/repos/letstalk-toolkit/packages/ChatElements/lib/components/ActionableMessageBox/index.js": {"path":"/Users/sandino/repos/letstalk-toolkit/packages/ChatElements/lib/components/ActionableMessageBox/index.js","statementMap":{"0":{"start":{"line":7,"column":29},"end":{"line":26,"column":1}},"1":{"start":{"line":8,"column":34},"end":{"line":8,"column":39}},"2":{"start":{"line":9,"column":22},"end":{"line":9,"column":26}},"3":{"start":{"line":11,"column":2},"end":{"line":25,"column":4}},"4":{"start":{"line":15,"column":10},"end":{"line":22,"column":15}},"5":{"start":{"line":19,"column":46},"end":{"line":19,"column":77}},"6":{"start":{"line":28,"column":0},"end":{"line":30,"column":2}},"7":{"start":{"line":32,"column":0},"end":{"line":35,"column":2}}},"fnMap":{"0":{"name":"(anonymous_0)","decl":{"start":{"line":7,"column":29},"end":{"line":7,"column":30}},"loc":{"start":{"line":7,"column":40},"end":{"line":26,"column":1}},"line":7},"1":{"name":"(anonymous_1)","decl":{"start":{"line":13,"column":19},"end":{"line":13,"column":20}},"loc":{"start":{"line":15,"column":10},"end":{"line":22,"column":15}},"line":15},"2":{"name":"(anonymous_2)","decl":{"start":{"line":19,"column":39},"end":{"line":19,"column":40}},"loc":{"start":{"line":19,"column":46},"end":{"line":19,"column":77}},"line":19}},"branchMap":{"0":{"loc":{"start":{"line":19,"column":21},"end":{"line":19,"column":78}},"type":"binary-expr","locations":[{"start":{"line":19,"column":21},"end":{"line":19,"column":34}},{"start":{"line":19,"column":39},"end":{"line":19,"column":77}}],"line":19}},"s":{"0":2,"1":2,"2":2,"3":2,"4":8,"5":0,"6":2,"7":2},"f":{"0":2,"1":8,"2":0},"b":{"0":[8,0]},"_coverageSchema":"332fd63041d2c1bcb487cc26dd0d5f7d97098a6c","hash":"69562c720d105ae699a9af668e58ecbd93a9821b"}
,"/Users/sandino/repos/letstalk-toolkit/packages/ChatElements/lib/components/Avatar/index.js": {"path":"/Users/sandino/repos/letstalk-toolkit/packages/ChatElements/lib/components/Avatar/index.js","statementMap":{"0":{"start":{"line":7,"column":15},"end":{"line":19,"column":3}},"1":{"start":{"line":9,"column":4},"end":{"line":18,"column":10}},"2":{"start":{"line":21,"column":0},"end":{"line":28,"column":2}},"3":{"start":{"line":30,"column":0},"end":{"line":59,"column":2}}},"fnMap":{"0":{"name":"(anonymous_0)","decl":{"start":{"line":7,"column":15},"end":{"line":7,"column":16}},"loc":{"start":{"line":9,"column":4},"end":{"line":18,"column":10}},"line":9}},"branchMap":{"0":{"loc":{"start":{"line":17,"column":7},"end":{"line":17,"column":107}},"type":"binary-expr","locations":[{"start":{"line":17,"column":7},"end":{"line":17,"column":23}},{"start":{"line":17,"column":27},"end":{"line":17,"column":107}}],"line":17}},"s":{"0":5,"1":2,"2":5,"3":5},"f":{"0":2},"b":{"0":[2,1]},"_coverageSchema":"332fd63041d2c1bcb487cc26dd0d5f7d97098a6c","hash":"4bfd7fde80b3a439d86f549526407267f45ff229"}
,"/Users/sandino/repos/letstalk-toolkit/packages/ChatElements/lib/components/Button/index.js": {"path":"/Users/sandino/repos/letstalk-toolkit/packages/ChatElements/lib/components/Button/index.js","statementMap":{"0":{"start":{"line":7,"column":14},"end":{"line":7,"column":17}},"1":{"start":{"line":8,"column":21},"end":{"line":8,"column":24}},"2":{"start":{"line":13,"column":4},"end":{"line":13,"column":17}},"3":{"start":{"line":14,"column":4},"end":{"line":17,"column":6}},"4":{"start":{"line":21,"column":29},"end":{"line":21,"column":39}},"5":{"start":{"line":23,"column":4},"end":{"line":23,"column":27}},"6":{"start":{"line":24,"column":4},"end":{"line":24,"column":28}},"7":{"start":{"line":26,"column":4},"end":{"line":26,"column":38}},"8":{"start":{"line":28,"column":20},"end":{"line":28,"column":34}},"9":{"start":{"line":30,"column":4},"end":{"line":43,"column":5}},"10":{"start":{"line":31,"column":21},"end":{"line":31,"column":89}},"11":{"start":{"line":31,"column":38},"end":{"line":31,"column":74}},"12":{"start":{"line":33,"column":6},"end":{"line":40,"column":9}},"13":{"start":{"line":34,"column":8},"end":{"line":34,"column":29}},"14":{"start":{"line":36,"column":8},"end":{"line":39,"column":19}},"15":{"start":{"line":36,"column":25},"end":{"line":39,"column":10}},"16":{"start":{"line":42,"column":6},"end":{"line":42,"column":41}},"17":{"start":{"line":49,"column":8},"end":{"line":49,"column":18}},"18":{"start":{"line":51,"column":4},"end":{"line":61,"column":6}},"19":{"start":{"line":58,"column":30},"end":{"line":58,"column":49}},"20":{"start":{"line":65,"column":0},"end":{"line":71,"column":2}}},"fnMap":{"0":{"name":"(anonymous_0)","decl":{"start":{"line":12,"column":2},"end":{"line":12,"column":3}},"loc":{"start":{"line":12,"column":21},"end":{"line":18,"column":3}},"line":12},"1":{"name":"(anonymous_1)","decl":{"start":{"line":20,"column":2},"end":{"line":20,"column":3}},"loc":{"start":{"line":20,"column":17},"end":{"line":44,"column":3}},"line":20},"2":{"name":"(anonymous_2)","decl":{"start":{"line":31,"column":32},"end":{"line":31,"column":33}},"loc":{"start":{"line":31,"column":38},"end":{"line":31,"column":74}},"line":31},"3":{"name":"(anonymous_3)","decl":{"start":{"line":33,"column":19},"end":{"line":33,"column":20}},"loc":{"start":{"line":33,"column":25},"end":{"line":40,"column":7}},"line":33},"4":{"name":"(anonymous_4)","decl":{"start":{"line":36,"column":19},"end":{"line":36,"column":20}},"loc":{"start":{"line":36,"column":25},"end":{"line":39,"column":10}},"line":36},"5":{"name":"(anonymous_5)","decl":{"start":{"line":46,"column":2},"end":{"line":46,"column":3}},"loc":{"start":{"line":46,"column":11},"end":{"line":62,"column":3}},"line":46},"6":{"name":"(anonymous_6)","decl":{"start":{"line":58,"column":19},"end":{"line":58,"column":20}},"loc":{"start":{"line":58,"column":30},"end":{"line":58,"column":49}},"line":58}},"branchMap":{"0":{"loc":{"start":{"line":30,"column":4},"end":{"line":43,"column":5}},"type":"if","locations":[{"start":{"line":30,"column":4},"end":{"line":43,"column":5}},{"start":{"line":30,"column":4},"end":{"line":43,"column":5}}],"line":30},"1":{"loc":{"start":{"line":30,"column":8},"end":{"line":30,"column":45}},"type":"binary-expr","locations":[{"start":{"line":30,"column":8},"end":{"line":30,"column":15}},{"start":{"line":30,"column":19},"end":{"line":30,"column":45}}],"line":30},"2":{"loc":{"start":{"line":56,"column":17},"end":{"line":56,"column":74}},"type":"cond-expr","locations":[{"start":{"line":56,"column":51},"end":{"line":56,"column":66}},{"start":{"line":56,"column":69},"end":{"line":56,"column":74}}],"line":56},"3":{"loc":{"start":{"line":57,"column":20},"end":{"line":57,"column":70}},"type":"cond-expr","locations":[{"start":{"line":57,"column":40},"end":{"line":57,"column":48}},{"start":{"line":57,"column":51},"end":{"line":57,"column":70}}],"line":57}},"s":{"0":2,"1":2,"2":2,"3":2,"4":0,"5":0,"6":0,"7":0,"8":0,"9":0,"10":0,"11":0,"12":0,"13":0,"14":0,"15":0,"16":0,"17":2,"18":2,"19":0,"20":2},"f":{"0":2,"1":0,"2":0,"3":0,"4":0,"5":2,"6":0},"b":{"0":[0,0],"1":[0,0],"2":[0,2],"3":[0,2]},"_coverageSchema":"332fd63041d2c1bcb487cc26dd0d5f7d97098a6c","hash":"5f069939be22b799681929e5bc1579d1bd15167c"}
,"/Users/sandino/repos/letstalk-toolkit/packages/ChatElements/lib/components/ChatIcon/index.js": {"path":"/Users/sandino/repos/letstalk-toolkit/packages/ChatElements/lib/components/ChatIcon/index.js","statementMap":{"0":{"start":{"line":9,"column":17},"end":{"line":137,"column":1}},"1":{"start":{"line":12,"column":26},"end":{"line":12,"column":33}},"2":{"start":{"line":13,"column":29},"end":{"line":13,"column":37}},"3":{"start":{"line":15,"column":2},"end":{"line":17,"column":3}},"4":{"start":{"line":16,"column":4},"end":{"line":16,"column":32}},"5":{"start":{"line":19,"column":2},"end":{"line":21,"column":3}},"6":{"start":{"line":20,"column":4},"end":{"line":20,"column":37}},"7":{"start":{"line":23,"column":2},"end":{"line":25,"column":3}},"8":{"start":{"line":24,"column":4},"end":{"line":24,"column":37}},"9":{"start":{"line":27,"column":2},"end":{"line":29,"column":3}},"10":{"start":{"line":28,"column":4},"end":{"line":28,"column":31}},"11":{"start":{"line":33,"column":6},"end":{"line":33,"column":25}},"12":{"start":{"line":37,"column":6},"end":{"line":37,"column":11}},"13":{"start":{"line":39,"column":19},"end":{"line":39,"column":29}},"14":{"start":{"line":41,"column":17},"end":{"line":41,"column":67}},"15":{"start":{"line":43,"column":26},"end":{"line":57,"column":3}},"16":{"start":{"line":60,"column":4},"end":{"line":60,"column":49}},"17":{"start":{"line":63,"column":17},"end":{"line":79,"column":1}},"18":{"start":{"line":64,"column":24},"end":{"line":64,"column":57}},"19":{"start":{"line":65,"column":35},"end":{"line":65,"column":68}},"20":{"start":{"line":81,"column":21},"end":{"line":83,"column":3}},"21":{"start":{"line":86,"column":4},"end":{"line":95,"column":10}},"22":{"start":{"line":89,"column":27},"end":{"line":89,"column":28}},"23":{"start":{"line":99,"column":4},"end":{"line":128,"column":10}},"24":{"start":{"line":118,"column":25},"end":{"line":118,"column":26}},"25":{"start":{"line":131,"column":2},"end":{"line":136,"column":4}},"26":{"start":{"line":140,"column":0},"end":{"line":180,"column":2}},"27":{"start":{"line":182,"column":0},"end":{"line":198,"column":2}}},"fnMap":{"0":{"name":"(anonymous_0)","decl":{"start":{"line":9,"column":17},"end":{"line":9,"column":18}},"loc":{"start":{"line":9,"column":28},"end":{"line":137,"column":1}},"line":9},"1":{"name":"(anonymous_1)","decl":{"start":{"line":64,"column":13},"end":{"line":64,"column":14}},"loc":{"start":{"line":64,"column":24},"end":{"line":64,"column":57}},"line":64},"2":{"name":"(anonymous_2)","decl":{"start":{"line":65,"column":24},"end":{"line":65,"column":25}},"loc":{"start":{"line":65,"column":35},"end":{"line":65,"column":68}},"line":65},"3":{"name":"(anonymous_3)","decl":{"start":{"line":89,"column":20},"end":{"line":89,"column":21}},"loc":{"start":{"line":89,"column":27},"end":{"line":89,"column":28}},"line":89},"4":{"name":"(anonymous_4)","decl":{"start":{"line":118,"column":18},"end":{"line":118,"column":19}},"loc":{"start":{"line":118,"column":25},"end":{"line":118,"column":26}},"line":118}},"branchMap":{"0":{"loc":{"start":{"line":15,"column":2},"end":{"line":17,"column":3}},"type":"if","locations":[{"start":{"line":15,"column":2},"end":{"line":17,"column":3}},{"start":{"line":15,"column":2},"end":{"line":17,"column":3}}],"line":15},"1":{"loc":{"start":{"line":15,"column":6},"end":{"line":15,"column":65}},"type":"binary-expr","locations":[{"start":{"line":15,"column":6},"end":{"line":15,"column":35}},{"start":{"line":15,"column":39},"end":{"line":15,"column":65}}],"line":15},"2":{"loc":{"start":{"line":19,"column":2},"end":{"line":21,"column":3}},"type":"if","locations":[{"start":{"line":19,"column":2},"end":{"line":21,"column":3}},{"start":{"line":19,"column":2},"end":{"line":21,"column":3}}],"line":19},"3":{"loc":{"start":{"line":19,"column":6},"end":{"line":19,"column":60}},"type":"binary-expr","locations":[{"start":{"line":19,"column":6},"end":{"line":19,"column":35}},{"start":{"line":19,"column":39},"end":{"line":19,"column":60}}],"line":19},"4":{"loc":{"start":{"line":23,"column":2},"end":{"line":25,"column":3}},"type":"if","locations":[{"start":{"line":23,"column":2},"end":{"line":25,"column":3}},{"start":{"line":23,"column":2},"end":{"line":25,"column":3}}],"line":23},"5":{"loc":{"start":{"line":27,"column":2},"end":{"line":29,"column":3}},"type":"if","locations":[{"start":{"line":27,"column":2},"end":{"line":29,"column":3}},{"start":{"line":27,"column":2},"end":{"line":29,"column":3}}],"line":27},"6":{"loc":{"start":{"line":36,"column":4},"end":{"line":36,"column":26}},"type":"default-arg","locations":[{"start":{"line":36,"column":21},"end":{"line":36,"column":26}}],"line":36},"7":{"loc":{"start":{"line":41,"column":17},"end":{"line":41,"column":67}},"type":"cond-expr","locations":[{"start":{"line":41,"column":42},"end":{"line":41,"column":47}},{"start":{"line":41,"column":50},"end":{"line":41,"column":67}}],"line":41},"8":{"loc":{"start":{"line":92,"column":9},"end":{"line":92,"column":77}},"type":"binary-expr","locations":[{"start":{"line":92,"column":9},"end":{"line":92,"column":23}},{"start":{"line":92,"column":27},"end":{"line":92,"column":77}}],"line":92},"9":{"loc":{"start":{"line":94,"column":8},"end":{"line":94,"column":47}},"type":"binary-expr","locations":[{"start":{"line":94,"column":8},"end":{"line":94,"column":29}},{"start":{"line":94,"column":33},"end":{"line":94,"column":47}}],"line":94},"10":{"loc":{"start":{"line":127,"column":8},"end":{"line":127,"column":47}},"type":"binary-expr","locations":[{"start":{"line":127,"column":8},"end":{"line":127,"column":29}},{"start":{"line":127,"column":33},"end":{"line":127,"column":47}}],"line":127},"11":{"loc":{"start":{"line":133,"column":8},"end":{"line":133,"column":29}},"type":"binary-expr","locations":[{"start":{"line":133,"column":8},"end":{"line":133,"column":16}},{"start":{"line":133,"column":20},"end":{"line":133,"column":29}}],"line":133},"12":{"loc":{"start":{"line":134,"column":8},"end":{"line":134,"column":32}},"type":"binary-expr","locations":[{"start":{"line":134,"column":8},"end":{"line":134,"column":17}},{"start":{"line":134,"column":21},"end":{"line":134,"column":32}}],"line":134}},"s":{"0":1,"1":2,"2":2,"3":2,"4":2,"5":2,"6":0,"7":2,"8":0,"9":2,"10":0,"11":2,"12":2,"13":2,"14":2,"15":2,"16":2,"17":2,"18":0,"19":0,"20":2,"21":2,"22":0,"23":2,"24":0,"25":2,"26":1,"27":1},"f":{"0":2,"1":0,"2":0,"3":0,"4":0},"b":{"0":[2,0],"1":[2,0],"2":[0,2],"3":[2,2],"4":[0,2],"5":[0,2],"6":[2],"7":[0,2],"8":[2,2],"9":[2,0],"10":[2,0],"11":[2,0],"12":[2,2]},"_coverageSchema":"332fd63041d2c1bcb487cc26dd0d5f7d97098a6c","hash":"7f7d58db3c897d611cae7bdcb9729a15ea42ddfd"}
,"/Users/sandino/repos/letstalk-toolkit/packages/ChatElements/lib/components/ConversationBox/index.js": {"path":"/Users/sandino/repos/letstalk-toolkit/packages/ChatElements/lib/components/ConversationBox/index.js","statementMap":{"0":{"start":{"line":12,"column":24},"end":{"line":72,"column":1}},"1":{"start":{"line":13,"column":27},"end":{"line":13,"column":32}},"2":{"start":{"line":14,"column":15},"end":{"line":14,"column":62}},"3":{"start":{"line":15,"column":26},"end":{"line":15,"column":94}},"4":{"start":{"line":16,"column":28},"end":{"line":16,"column":60}},"5":{"start":{"line":17,"column":18},"end":{"line":17,"column":76}},"6":{"start":{"line":19,"column":2},"end":{"line":71,"column":4}},"7":{"start":{"line":61,"column":16},"end":{"line":63,"column":23}},"8":{"start":{"line":74,"column":0},"end":{"line":78,"column":2}},"9":{"start":{"line":80,"column":0},"end":{"line":82,"column":2}}},"fnMap":{"0":{"name":"(anonymous_0)","decl":{"start":{"line":12,"column":24},"end":{"line":12,"column":25}},"loc":{"start":{"line":12,"column":35},"end":{"line":72,"column":1}},"line":12},"1":{"name":"(anonymous_1)","decl":{"start":{"line":60,"column":24},"end":{"line":60,"column":25}},"loc":{"start":{"line":61,"column":16},"end":{"line":63,"column":23}},"line":61}},"branchMap":{"0":{"loc":{"start":{"line":14,"column":15},"end":{"line":14,"column":62}},"type":"cond-expr","locations":[{"start":{"line":14,"column":35},"end":{"line":14,"column":57}},{"start":{"line":14,"column":60},"end":{"line":14,"column":62}}],"line":14},"1":{"loc":{"start":{"line":15,"column":26},"end":{"line":15,"column":94}},"type":"cond-expr","locations":[{"start":{"line":15,"column":59},"end":{"line":15,"column":89}},{"start":{"line":15,"column":92},"end":{"line":15,"column":94}}],"line":15},"2":{"loc":{"start":{"line":33,"column":8},"end":{"line":43,"column":14}},"type":"binary-expr","locations":[{"start":{"line":33,"column":8},"end":{"line":33,"column":34}},{"start":{"line":34,"column":8},"end":{"line":43,"column":14}}],"line":33},"3":{"loc":{"start":{"line":51,"column":47},"end":{"line":51,"column":110}},"type":"binary-expr","locations":[{"start":{"line":51,"column":47},"end":{"line":51,"column":65}},{"start":{"line":51,"column":69},"end":{"line":51,"column":110}}],"line":51}},"s":{"0":2,"1":2,"2":2,"3":2,"4":2,"5":2,"6":2,"7":2,"8":2,"9":2},"f":{"0":2,"1":2},"b":{"0":[2,0],"1":[0,2],"2":[2,2],"3":[2,2]},"_coverageSchema":"332fd63041d2c1bcb487cc26dd0d5f7d97098a6c","hash":"433b625d3e8fce6ee84180b1947ff88134c31c1b"}
,"/Users/sandino/repos/letstalk-toolkit/packages/ChatElements/lib/components/ConversationList/Loadable.js": {"path":"/Users/sandino/repos/letstalk-toolkit/packages/ChatElements/lib/components/ConversationList/Loadable.js","statementMap":{"0":{"start":{"line":6,"column":14},"end":{"line":6,"column":75}},"1":{"start":{"line":6,"column":24},"end":{"line":6,"column":75}},"2":{"start":{"line":6,"column":49},"end":{"line":6,"column":74}},"3":{"start":{"line":8,"column":33},"end":{"line":12,"column":2}},"4":{"start":{"line":9,"column":16},"end":{"line":9,"column":57}},"5":{"start":{"line":9,"column":39},"end":{"line":9,"column":56}},"6":{"start":{"line":14,"column":25},"end":{"line":14,"column":77}},"7":{"start":{"line":14,"column":37},"end":{"line":14,"column":76}}},"fnMap":{"0":{"name":"(anonymous_0)","decl":{"start":{"line":6,"column":14},"end":{"line":6,"column":15}},"loc":{"start":{"line":6,"column":24},"end":{"line":6,"column":75}},"line":6},"1":{"name":"(anonymous_1)","decl":{"start":{"line":6,"column":36},"end":{"line":6,"column":37}},"loc":{"start":{"line":6,"column":49},"end":{"line":6,"column":74}},"line":6},"2":{"name":"(anonymous_2)","decl":{"start":{"line":9,"column":10},"end":{"line":9,"column":11}},"loc":{"start":{"line":9,"column":16},"end":{"line":9,"column":57}},"line":9},"3":{"name":"(anonymous_3)","decl":{"start":{"line":9,"column":33},"end":{"line":9,"column":34}},"loc":{"start":{"line":9,"column":39},"end":{"line":9,"column":56}},"line":9},"4":{"name":"(anonymous_4)","decl":{"start":{"line":14,"column":25},"end":{"line":14,"column":26}},"loc":{"start":{"line":14,"column":37},"end":{"line":14,"column":76}},"line":14}},"branchMap":{},"s":{"0":1,"1":0,"2":0,"3":1,"4":0,"5":0,"6":1,"7":0},"f":{"0":0,"1":0,"2":0,"3":0,"4":0},"b":{},"_coverageSchema":"332fd63041d2c1bcb487cc26dd0d5f7d97098a6c","hash":"24ec2f6c4f51c2a6caf5bf4e0c4e561745464b83"}
,"/Users/sandino/repos/letstalk-toolkit/packages/ChatElements/lib/components/ConversationList/index.js": {"path":"/Users/sandino/repos/letstalk-toolkit/packages/ChatElements/lib/components/ConversationList/index.js","statementMap":{"0":{"start":{"line":12,"column":4},"end":{"line":14,"column":5}},"1":{"start":{"line":13,"column":6},"end":{"line":13,"column":39}},"2":{"start":{"line":18,"column":4},"end":{"line":48,"column":6}},"3":{"start":{"line":24,"column":16},"end":{"line":30,"column":22}},"4":{"start":{"line":28,"column":61},"end":{"line":28,"column":97}},"5":{"start":{"line":52,"column":0},"end":{"line":71,"column":2}},"6":{"start":{"line":73,"column":0},"end":{"line":78,"column":2}},"7":{"start":{"line":80,"column":26},"end":{"line":80,"column":62}}},"fnMap":{"0":{"name":"(anonymous_0)","decl":{"start":{"line":11,"column":2},"end":{"line":11,"column":3}},"loc":{"start":{"line":11,"column":22},"end":{"line":15,"column":3}},"line":11},"1":{"name":"(anonymous_1)","decl":{"start":{"line":17,"column":2},"end":{"line":17,"column":3}},"loc":{"start":{"line":17,"column":11},"end":{"line":49,"column":3}},"line":17},"2":{"name":"(anonymous_2)","decl":{"start":{"line":22,"column":42},"end":{"line":22,"column":43}},"loc":{"start":{"line":24,"column":16},"end":{"line":30,"column":22}},"line":24},"3":{"name":"(anonymous_3)","decl":{"start":{"line":28,"column":54},"end":{"line":28,"column":55}},"loc":{"start":{"line":28,"column":61},"end":{"line":28,"column":97}},"line":28}},"branchMap":{"0":{"loc":{"start":{"line":12,"column":4},"end":{"line":14,"column":5}},"type":"if","locations":[{"start":{"line":12,"column":4},"end":{"line":14,"column":5}},{"start":{"line":12,"column":4},"end":{"line":14,"column":5}}],"line":12},"1":{"loc":{"start":{"line":20,"column":9},"end":{"line":34,"column":16}},"type":"binary-expr","locations":[{"start":{"line":20,"column":9},"end":{"line":20,"column":44}},{"start":{"line":21,"column":10},"end":{"line":34,"column":16}}],"line":20},"2":{"loc":{"start":{"line":28,"column":29},"end":{"line":28,"column":98}},"type":"binary-expr","locations":[{"start":{"line":28,"column":29},"end":{"line":28,"column":49}},{"start":{"line":28,"column":54},"end":{"line":28,"column":97}}],"line":28},"3":{"loc":{"start":{"line":37,"column":9},"end":{"line":45,"column":16}},"type":"binary-expr","locations":[{"start":{"line":37,"column":9},"end":{"line":37,"column":46}},{"start":{"line":38,"column":10},"end":{"line":45,"column":16}}],"line":37}},"s":{"0":0,"1":0,"2":0,"3":0,"4":0,"5":1,"6":1,"7":1},"f":{"0":0,"1":0,"2":0,"3":0},"b":{"0":[0,0],"1":[0,0],"2":[0,0],"3":[0,0]},"_coverageSchema":"332fd63041d2c1bcb487cc26dd0d5f7d97098a6c","hash":"8b1109eec6708782fe492553ace4e7bff6fef6c6"}
,"/Users/sandino/repos/letstalk-toolkit/packages/ChatElements/lib/components/ConversationListBox/index.js": {"path":"/Users/sandino/repos/letstalk-toolkit/packages/ChatElements/lib/components/ConversationListBox/index.js","statementMap":{"0":{"start":{"line":10,"column":28},"end":{"line":51,"column":1}},"1":{"start":{"line":25,"column":6},"end":{"line":25,"column":11}},"2":{"start":{"line":27,"column":2},"end":{"line":50,"column":4}},"3":{"start":{"line":53,"column":0},"end":{"line":67,"column":2}},"4":{"start":{"line":69,"column":0},"end":{"line":79,"column":2}}},"fnMap":{"0":{"name":"(anonymous_0)","decl":{"start":{"line":10,"column":28},"end":{"line":10,"column":29}},"loc":{"start":{"line":10,"column":39},"end":{"line":51,"column":1}},"line":10}},"branchMap":{},"s":{"0":1,"1":2,"2":2,"3":1,"4":1},"f":{"0":2},"b":{},"_coverageSchema":"332fd63041d2c1bcb487cc26dd0d5f7d97098a6c","hash":"18cc7457991347224b2206a24d69a2d94dda9734"}
,"/Users/sandino/repos/letstalk-toolkit/packages/ChatElements/lib/components/FileMessage/index.js": {"path":"/Users/sandino/repos/letstalk-toolkit/packages/ChatElements/lib/components/FileMessage/index.js","statementMap":{"0":{"start":{"line":12,"column":4},"end":{"line":12,"column":17}},"1":{"start":{"line":13,"column":4},"end":{"line":13,"column":43}},"2":{"start":{"line":17,"column":4},"end":{"line":17,"column":44}},"3":{"start":{"line":17,"column":35},"end":{"line":17,"column":42}},"4":{"start":{"line":19,"column":4},"end":{"line":23,"column":5}},"5":{"start":{"line":20,"column":6},"end":{"line":20,"column":30}},"6":{"start":{"line":21,"column":11},"end":{"line":23,"column":5}},"7":{"start":{"line":22,"column":6},"end":{"line":22,"column":26}},"8":{"start":{"line":27,"column":4},"end":{"line":59,"column":6}},"9":{"start":{"line":63,"column":0},"end":{"line":69,"column":2}},"10":{"start":{"line":71,"column":0},"end":{"line":77,"column":2}}},"fnMap":{"0":{"name":"(anonymous_0)","decl":{"start":{"line":11,"column":2},"end":{"line":11,"column":3}},"loc":{"start":{"line":11,"column":21},"end":{"line":14,"column":3}},"line":11},"1":{"name":"(anonymous_1)","decl":{"start":{"line":16,"column":2},"end":{"line":16,"column":3}},"loc":{"start":{"line":16,"column":12},"end":{"line":24,"column":3}},"line":16},"2":{"name":"(anonymous_2)","decl":{"start":{"line":26,"column":2},"end":{"line":26,"column":3}},"loc":{"start":{"line":26,"column":11},"end":{"line":60,"column":3}},"line":26}},"branchMap":{"0":{"loc":{"start":{"line":17,"column":4},"end":{"line":17,"column":44}},"type":"if","locations":[{"start":{"line":17,"column":4},"end":{"line":17,"column":44}},{"start":{"line":17,"column":4},"end":{"line":17,"column":44}}],"line":17},"1":{"loc":{"start":{"line":19,"column":4},"end":{"line":23,"column":5}},"type":"if","locations":[{"start":{"line":19,"column":4},"end":{"line":23,"column":5}},{"start":{"line":19,"column":4},"end":{"line":23,"column":5}}],"line":19},"2":{"loc":{"start":{"line":19,"column":8},"end":{"line":19,"column":85}},"type":"binary-expr","locations":[{"start":{"line":19,"column":8},"end":{"line":19,"column":40}},{"start":{"line":19,"column":44},"end":{"line":19,"column":85}}],"line":19},"3":{"loc":{"start":{"line":21,"column":11},"end":{"line":23,"column":5}},"type":"if","locations":[{"start":{"line":21,"column":11},"end":{"line":23,"column":5}},{"start":{"line":21,"column":11},"end":{"line":23,"column":5}}],"line":21},"4":{"loc":{"start":{"line":21,"column":15},"end":{"line":21,"column":87}},"type":"binary-expr","locations":[{"start":{"line":21,"column":15},"end":{"line":21,"column":46}},{"start":{"line":21,"column":50},"end":{"line":21,"column":87}}],"line":21},"5":{"loc":{"start":{"line":43,"column":14},"end":{"line":48,"column":18}},"type":"binary-expr","locations":[{"start":{"line":43,"column":14},"end":{"line":43,"column":36}},{"start":{"line":44,"column":16},"end":{"line":44,"column":48}},{"start":{"line":45,"column":16},"end":{"line":45,"column":45}},{"start":{"line":46,"column":16},"end":{"line":48,"column":18}}],"line":43},"6":{"loc":{"start":{"line":51,"column":14},"end":{"line":54,"column":23}},"type":"binary-expr","locations":[{"start":{"line":51,"column":14},"end":{"line":51,"column":36}},{"start":{"line":52,"column":16},"end":{"line":52,"column":66}},{"start":{"line":53,"column":16},"end":{"line":53,"column":52}},{"start":{"line":54,"column":16},"end":{"line":54,"column":23}}],"line":51}},"s":{"0":1,"1":1,"2":0,"3":0,"4":0,"5":0,"6":0,"7":0,"8":1,"9":2,"10":2},"f":{"0":1,"1":0,"2":1},"b":{"0":[0,0],"1":[0,0],"2":[0,0],"3":[0,0],"4":[0,0],"5":[1,0,0,0],"6":[1,0,0,0]},"_coverageSchema":"332fd63041d2c1bcb487cc26dd0d5f7d97098a6c","hash":"00bb5536416ff2074f00084859bbee11e44d2e11"}
,"/Users/sandino/repos/letstalk-toolkit/packages/ChatElements/lib/components/Header/index.js": {"path":"/Users/sandino/repos/letstalk-toolkit/packages/ChatElements/lib/components/Header/index.js","statementMap":{"0":{"start":{"line":10,"column":15},"end":{"line":38,"column":3}},"1":{"start":{"line":14,"column":4},"end":{"line":37,"column":10}},"2":{"start":{"line":40,"column":0},"end":{"line":48,"column":2}}},"fnMap":{"0":{"name":"(anonymous_0)","decl":{"start":{"line":10,"column":15},"end":{"line":10,"column":16}},"loc":{"start":{"line":14,"column":4},"end":{"line":37,"column":10}},"line":14}},"branchMap":{"0":{"loc":{"start":{"line":16,"column":8},"end":{"line":19,"column":17}},"type":"binary-expr","locations":[{"start":{"line":16,"column":8},"end":{"line":16,"column":26}},{"start":{"line":17,"column":8},"end":{"line":19,"column":17}}],"line":16},"1":{"loc":{"start":{"line":22,"column":8},"end":{"line":25,"column":17}},"type":"binary-expr","locations":[{"start":{"line":22,"column":8},"end":{"line":22,"column":22}},{"start":{"line":23,"column":8},"end":{"line":25,"column":17}}],"line":22},"2":{"loc":{"start":{"line":27,"column":7},"end":{"line":33,"column":10}},"type":"binary-expr","locations":[{"start":{"line":27,"column":7},"end":{"line":27,"column":13}},{"start":{"line":28,"column":8},"end":{"line":33,"column":10}}],"line":27}},"s":{"0":1,"1":0,"2":1},"f":{"0":0},"b":{"0":[0,0],"1":[0,0],"2":[0,0]},"_coverageSchema":"332fd63041d2c1bcb487cc26dd0d5f7d97098a6c","hash":"83fe777c183e334c3c1091c108bf8078c0e2c1db"}
,"/Users/sandino/repos/letstalk-toolkit/packages/ChatElements/lib/components/Loader/index.js": {"path":"/Users/sandino/repos/letstalk-toolkit/packages/ChatElements/lib/components/Loader/index.js","statementMap":{"0":{"start":{"line":8,"column":15},"end":{"line":50,"column":1}},"1":{"start":{"line":9,"column":20},"end":{"line":15,"column":3}},"2":{"start":{"line":17,"column":20},"end":{"line":28,"column":3}},"3":{"start":{"line":18,"column":19},"end":{"line":18,"column":21}},"4":{"start":{"line":19,"column":4},"end":{"line":26,"column":5}},"5":{"start":{"line":20,"column":6},"end":{"line":22,"column":7}},"6":{"start":{"line":21,"column":8},"end":{"line":21,"column":45}},"7":{"start":{"line":23,"column":6},"end":{"line":23,"column":42}},"8":{"start":{"line":24,"column":6},"end":{"line":24,"column":44}},"9":{"start":{"line":25,"column":6},"end":{"line":25,"column":43}},"10":{"start":{"line":27,"column":4},"end":{"line":27,"column":72}},"11":{"start":{"line":32,"column":6},"end":{"line":32,"column":11}},"12":{"start":{"line":33,"column":18},"end":{"line":38,"column":15}},"13":{"start":{"line":39,"column":16},"end":{"line":39,"column":18}},"14":{"start":{"line":40,"column":2},"end":{"line":42,"column":3}},"15":{"start":{"line":41,"column":4},"end":{"line":41,"column":29}},"16":{"start":{"line":43,"column":2},"end":{"line":49,"column":4}},"17":{"start":{"line":52,"column":0},"end":{"line":87,"column":2}},"18":{"start":{"line":65,"column":4},"end":{"line":68,"column":5}},"19":{"start":{"line":67,"column":6},"end":{"line":67,"column":18}},"20":{"start":{"line":69,"column":4},"end":{"line":71,"column":5}},"21":{"start":{"line":70,"column":6},"end":{"line":70,"column":108}},"22":{"start":{"line":72,"column":4},"end":{"line":72,"column":16}},"23":{"start":{"line":89,"column":0},"end":{"line":95,"column":2}}},"fnMap":{"0":{"name":"(anonymous_0)","decl":{"start":{"line":8,"column":15},"end":{"line":8,"column":16}},"loc":{"start":{"line":8,"column":26},"end":{"line":50,"column":1}},"line":8},"1":{"name":"(anonymous_1)","decl":{"start":{"line":17,"column":20},"end":{"line":17,"column":21}},"loc":{"start":{"line":17,"column":27},"end":{"line":28,"column":3}},"line":17}},"branchMap":{"0":{"loc":{"start":{"line":19,"column":4},"end":{"line":26,"column":5}},"type":"if","locations":[{"start":{"line":19,"column":4},"end":{"line":26,"column":5}},{"start":{"line":19,"column":4},"end":{"line":26,"column":5}}],"line":19},"1":{"loc":{"start":{"line":20,"column":6},"end":{"line":22,"column":7}},"type":"if","locations":[{"start":{"line":20,"column":6},"end":{"line":22,"column":7}},{"start":{"line":20,"column":6},"end":{"line":22,"column":7}}],"line":20},"2":{"loc":{"start":{"line":35,"column":42},"end":{"line":35,"column":62}},"type":"binary-expr","locations":[{"start":{"line":35,"column":42},"end":{"line":35,"column":48}},{"start":{"line":35,"column":52},"end":{"line":35,"column":62}}],"line":35},"3":{"loc":{"start":{"line":65,"column":4},"end":{"line":68,"column":5}},"type":"if","locations":[{"start":{"line":65,"column":4},"end":{"line":68,"column":5}},{"start":{"line":65,"column":4},"end":{"line":68,"column":5}}],"line":65},"4":{"loc":{"start":{"line":69,"column":4},"end":{"line":71,"column":5}},"type":"if","locations":[{"start":{"line":69,"column":4},"end":{"line":71,"column":5}},{"start":{"line":69,"column":4},"end":{"line":71,"column":5}}],"line":69}},"s":{"0":2,"1":0,"2":0,"3":0,"4":0,"5":0,"6":0,"7":0,"8":0,"9":0,"10":0,"11":0,"12":0,"13":0,"14":0,"15":0,"16":0,"17":2,"18":0,"19":0,"20":0,"21":0,"22":0,"23":2},"f":{"0":0,"1":0},"b":{"0":[0,0],"1":[0,0],"2":[0,0],"3":[0,0],"4":[0,0]},"_coverageSchema":"332fd63041d2c1bcb487cc26dd0d5f7d97098a6c","hash":"5169462d3d15397defa3e05a76ad1bebaf2ad808"}
,"/Users/sandino/repos/letstalk-toolkit/packages/ChatElements/lib/components/Loading/index.js": {"path":"/Users/sandino/repos/letstalk-toolkit/packages/ChatElements/lib/components/Loading/index.js","statementMap":{"0":{"start":{"line":5,"column":16},"end":{"line":12,"column":1}},"1":{"start":{"line":6,"column":2},"end":{"line":10,"column":3}},"2":{"start":{"line":7,"column":4},"end":{"line":7,"column":66}},"3":{"start":{"line":8,"column":9},"end":{"line":10,"column":3}},"4":{"start":{"line":9,"column":4},"end":{"line":9,"column":25}},"5":{"start":{"line":11,"column":2},"end":{"line":11,"column":14}},"6":{"start":{"line":14,"column":0},"end":{"line":18,"column":2}}},"fnMap":{"0":{"name":"(anonymous_0)","decl":{"start":{"line":5,"column":16},"end":{"line":5,"column":17}},"loc":{"start":{"line":5,"column":53},"end":{"line":12,"column":1}},"line":5}},"branchMap":{"0":{"loc":{"start":{"line":6,"column":2},"end":{"line":10,"column":3}},"type":"if","locations":[{"start":{"line":6,"column":2},"end":{"line":10,"column":3}},{"start":{"line":6,"column":2},"end":{"line":10,"column":3}}],"line":6},"1":{"loc":{"start":{"line":6,"column":6},"end":{"line":6,"column":28}},"type":"binary-expr","locations":[{"start":{"line":6,"column":6},"end":{"line":6,"column":15}},{"start":{"line":6,"column":19},"end":{"line":6,"column":28}}],"line":6},"2":{"loc":{"start":{"line":8,"column":9},"end":{"line":10,"column":3}},"type":"if","locations":[{"start":{"line":8,"column":9},"end":{"line":10,"column":3}},{"start":{"line":8,"column":9},"end":{"line":10,"column":3}}],"line":8},"3":{"loc":{"start":{"line":8,"column":13},"end":{"line":8,"column":32}},"type":"binary-expr","locations":[{"start":{"line":8,"column":13},"end":{"line":8,"column":18}},{"start":{"line":8,"column":22},"end":{"line":8,"column":32}}],"line":8}},"s":{"0":1,"1":0,"2":0,"3":0,"4":0,"5":0,"6":1},"f":{"0":0},"b":{"0":[0,0],"1":[0,0],"2":[0,0],"3":[0,0]},"_coverageSchema":"332fd63041d2c1bcb487cc26dd0d5f7d97098a6c","hash":"008eba7760d661dc1d266ead9284a4a51a59863e"}
,"/Users/sandino/repos/letstalk-toolkit/packages/ChatElements/lib/components/MessageBox/index.js": {"path":"/Users/sandino/repos/letstalk-toolkit/packages/ChatElements/lib/components/MessageBox/index.js","statementMap":{"0":{"start":{"line":23,"column":19},"end":{"line":192,"column":1}},"1":{"start":{"line":24,"column":22},"end":{"line":28,"column":4}},"2":{"start":{"line":29,"column":27},"end":{"line":29,"column":75}},"3":{"start":{"line":31,"column":2},"end":{"line":191,"column":4}},"4":{"start":{"line":194,"column":0},"end":{"line":213,"column":2}},"5":{"start":{"line":215,"column":0},"end":{"line":234,"column":2}}},"fnMap":{"0":{"name":"(anonymous_0)","decl":{"start":{"line":23,"column":19},"end":{"line":23,"column":20}},"loc":{"start":{"line":23,"column":30},"end":{"line":192,"column":1}},"line":23}},"branchMap":{"0":{"loc":{"start":{"line":29,"column":27},"end":{"line":29,"column":75}},"type":"binary-expr","locations":[{"start":{"line":29,"column":27},"end":{"line":29,"column":48}},{"start":{"line":29,"column":52},"end":{"line":29,"column":75}}],"line":29},"1":{"loc":{"start":{"line":40,"column":8},"end":{"line":54,"column":14}},"type":"binary-expr","locations":[{"start":{"line":40,"column":8},"end":{"line":40,"column":20}},{"start":{"line":40,"column":24},"end":{"line":40,"column":47}},{"start":{"line":41,"column":8},"end":{"line":54,"column":14}}],"line":40},"2":{"loc":{"start":{"line":57,"column":8},"end":{"line":58,"column":40}},"type":"binary-expr","locations":[{"start":{"line":57,"column":8},"end":{"line":57,"column":46}},{"start":{"line":58,"column":20},"end":{"line":58,"column":40}}],"line":57},"3":{"loc":{"start":{"line":61,"column":8},"end":{"line":188,"column":16}},"type":"cond-expr","locations":[{"start":{"line":62,"column":10},"end":{"line":64,"column":12}},{"start":{"line":66,"column":10},"end":{"line":188,"column":16}}],"line":61},"4":{"loc":{"start":{"line":74,"column":16},"end":{"line":87,"column":24}},"type":"binary-expr","locations":[{"start":{"line":74,"column":16},"end":{"line":74,"column":40}},{"start":{"line":75,"column":18},"end":{"line":87,"column":24}}],"line":74},"5":{"loc":{"start":{"line":91,"column":16},"end":{"line":106,"column":24}},"type":"binary-expr","locations":[{"start":{"line":91,"column":17},"end":{"line":91,"column":28}},{"start":{"line":92,"column":18},"end":{"line":106,"column":24}}],"line":91},"6":{"loc":{"start":{"line":95,"column":27},"end":{"line":95,"column":74}},"type":"binary-expr","locations":[{"start":{"line":95,"column":27},"end":{"line":95,"column":43}},{"start":{"line":95,"column":47},"end":{"line":95,"column":74}}],"line":95},"7":{"loc":{"start":{"line":103,"column":22},"end":{"line":104,"column":48}},"type":"binary-expr","locations":[{"start":{"line":103,"column":22},"end":{"line":103,"column":33}},{"start":{"line":104,"column":22},"end":{"line":104,"column":48}}],"line":103},"8":{"loc":{"start":{"line":110,"column":16},"end":{"line":113,"column":24}},"type":"binary-expr","locations":[{"start":{"line":110,"column":16},"end":{"line":110,"column":37}},{"start":{"line":111,"column":18},"end":{"line":113,"column":24}}],"line":110},"9":{"loc":{"start":{"line":117,"column":16},"end":{"line":120,"column":24}},"type":"binary-expr","locations":[{"start":{"line":117,"column":16},"end":{"line":117,"column":39}},{"start":{"line":118,"column":18},"end":{"line":120,"column":24}}],"line":117},"10":{"loc":{"start":{"line":124,"column":16},"end":{"line":130,"column":18}},"type":"binary-expr","locations":[{"start":{"line":124,"column":16},"end":{"line":124,"column":38}},{"start":{"line":125,"column":16},"end":{"line":130,"column":18}}],"line":124},"11":{"loc":{"start":{"line":134,"column":16},"end":{"line":140,"column":20}},"type":"binary-expr","locations":[{"start":{"line":134,"column":16},"end":{"line":134,"column":37}},{"start":{"line":135,"column":18},"end":{"line":140,"column":20}}],"line":134},"12":{"loc":{"start":{"line":144,"column":16},"end":{"line":148,"column":20}},"type":"binary-expr","locations":[{"start":{"line":144,"column":16},"end":{"line":144,"column":43}},{"start":{"line":145,"column":18},"end":{"line":148,"column":20}}],"line":144},"13":{"loc":{"start":{"line":151,"column":15},"end":{"line":184,"column":22}},"type":"binary-expr","locations":[{"start":{"line":151,"column":15},"end":{"line":151,"column":38}},{"start":{"line":151,"column":42},"end":{"line":151,"column":69}},{"start":{"line":152,"column":16},"end":{"line":184,"column":22}}],"line":151},"14":{"loc":{"start":{"line":154,"column":20},"end":{"line":158,"column":21}},"type":"binary-expr","locations":[{"start":{"line":154,"column":20},"end":{"line":154,"column":30}},{"start":{"line":154,"column":35},"end":{"line":154,"column":58}},{"start":{"line":156,"column":22},"end":{"line":156,"column":38}},{"start":{"line":157,"column":24},"end":{"line":157,"column":52}}],"line":154},"15":{"loc":{"start":{"line":161,"column":20},"end":{"line":182,"column":29}},"type":"binary-expr","locations":[{"start":{"line":161,"column":20},"end":{"line":161,"column":32}},{"start":{"line":162,"column":22},"end":{"line":182,"column":29}}],"line":161},"16":{"loc":{"start":{"line":164,"column":26},"end":{"line":165,"column":39}},"type":"binary-expr","locations":[{"start":{"line":164,"column":26},"end":{"line":164,"column":52}},{"start":{"line":165,"column":26},"end":{"line":165,"column":39}}],"line":164},"17":{"loc":{"start":{"line":169,"column":26},"end":{"line":170,"column":37}},"type":"binary-expr","locations":[{"start":{"line":169,"column":26},"end":{"line":169,"column":49}},{"start":{"line":170,"column":26},"end":{"line":170,"column":37}}],"line":169},"18":{"loc":{"start":{"line":174,"column":26},"end":{"line":175,"column":39}},"type":"binary-expr","locations":[{"start":{"line":174,"column":26},"end":{"line":174,"column":53}},{"start":{"line":175,"column":26},"end":{"line":175,"column":39}}],"line":174},"19":{"loc":{"start":{"line":179,"column":26},"end":{"line":180,"column":55}},"type":"binary-expr","locations":[{"start":{"line":179,"column":26},"end":{"line":179,"column":49}},{"start":{"line":180,"column":26},"end":{"line":180,"column":55}}],"line":179}},"s":{"0":1,"1":1,"2":1,"3":1,"4":1,"5":1},"f":{"0":1},"b":{"0":[1,0],"1":[1,0,0],"2":[1,0],"3":[0,1],"4":[1,0],"5":[1,0],"6":[0,0],"7":[0,0],"8":[1,1],"9":[1,0],"10":[1,0],"11":[1,0],"12":[1,0],"13":[1,1,1],"14":[1,1,1,1],"15":[1,1],"16":[1,0],"17":[1,0],"18":[1,0],"19":[1,1]},"_coverageSchema":"332fd63041d2c1bcb487cc26dd0d5f7d97098a6c","hash":"0da24829a23b83f4cafce6a8cce428ee9d0c21bb"}
,"/Users/sandino/repos/letstalk-toolkit/packages/ChatElements/lib/components/PhotoMessage/index.js": {"path":"/Users/sandino/repos/letstalk-toolkit/packages/ChatElements/lib/components/PhotoMessage/index.js","statementMap":{"0":{"start":{"line":9,"column":21},"end":{"line":55,"column":1}},"1":{"start":{"line":10,"column":2},"end":{"line":54,"column":4}},"2":{"start":{"line":57,"column":0},"end":{"line":62,"column":2}},"3":{"start":{"line":64,"column":0},"end":{"line":69,"column":2}}},"fnMap":{"0":{"name":"(anonymous_0)","decl":{"start":{"line":9,"column":21},"end":{"line":9,"column":22}},"loc":{"start":{"line":9,"column":32},"end":{"line":55,"column":1}},"line":9}},"branchMap":{"0":{"loc":{"start":{"line":14,"column":15},"end":{"line":17,"column":9}},"type":"binary-expr","locations":[{"start":{"line":14,"column":15},"end":{"line":14,"column":31}},{"start":{"line":14,"column":35},"end":{"line":14,"column":52}},{"start":{"line":14,"column":56},"end":{"line":17,"column":9}}],"line":14},"1":{"loc":{"start":{"line":27,"column":10},"end":{"line":44,"column":18}},"type":"binary-expr","locations":[{"start":{"line":27,"column":10},"end":{"line":27,"column":27}},{"start":{"line":28,"column":12},"end":{"line":28,"column":39}},{"start":{"line":29,"column":12},"end":{"line":44,"column":18}}],"line":27},"2":{"loc":{"start":{"line":31,"column":16},"end":{"line":37,"column":25}},"type":"binary-expr","locations":[{"start":{"line":31,"column":16},"end":{"line":31,"column":40}},{"start":{"line":32,"column":16},"end":{"line":37,"column":25}}],"line":31},"3":{"loc":{"start":{"line":40,"column":16},"end":{"line":42,"column":27}},"type":"binary-expr","locations":[{"start":{"line":40,"column":16},"end":{"line":40,"column":61}},{"start":{"line":41,"column":20},"end":{"line":41,"column":51}},{"start":{"line":42,"column":20},"end":{"line":42,"column":27}}],"line":40},"4":{"loc":{"start":{"line":48,"column":8},"end":{"line":51,"column":14}},"type":"binary-expr","locations":[{"start":{"line":48,"column":8},"end":{"line":48,"column":18}},{"start":{"line":49,"column":8},"end":{"line":51,"column":14}}],"line":48}},"s":{"0":2,"1":1,"2":2,"3":2},"f":{"0":1},"b":{"0":[1,0,0],"1":[1,0,0],"2":[0,0],"3":[0,0,0],"4":[1,0]},"_coverageSchema":"332fd63041d2c1bcb487cc26dd0d5f7d97098a6c","hash":"99ceaaee363d4455dd28a757c109668bc7260c24"}
,"/Users/sandino/repos/letstalk-toolkit/packages/ChatElements/lib/components/SystemMessage/index.js": {"path":"/Users/sandino/repos/letstalk-toolkit/packages/ChatElements/lib/components/SystemMessage/index.js","statementMap":{"0":{"start":{"line":6,"column":19},"end":{"line":6,"column":40}},"1":{"start":{"line":8,"column":22},"end":{"line":19,"column":3}},"2":{"start":{"line":10,"column":4},"end":{"line":18,"column":10}},"3":{"start":{"line":21,"column":0},"end":{"line":24,"column":2}}},"fnMap":{"0":{"name":"(anonymous_0)","decl":{"start":{"line":8,"column":22},"end":{"line":8,"column":23}},"loc":{"start":{"line":10,"column":4},"end":{"line":18,"column":10}},"line":10}},"branchMap":{},"s":{"0":2,"1":2,"2":1,"3":2},"f":{"0":1},"b":{},"_coverageSchema":"332fd63041d2c1bcb487cc26dd0d5f7d97098a6c","hash":"ef0a7efe5183af08807fa539c21824bd88f50089"}
,"/Users/sandino/repos/letstalk-toolkit/packages/ChatElements/lib/test-utils/jest.setup.js": {"path":"/Users/sandino/repos/letstalk-toolkit/packages/ChatElements/lib/test-utils/jest.setup.js","statementMap":{"0":{"start":{"line":5,"column":0},"end":{"line":5,"column":38}}},"fnMap":{},"branchMap":{},"s":{"0":11},"f":{},"b":{},"_coverageSchema":"332fd63041d2c1bcb487cc26dd0d5f7d97098a6c","hash":"092ee47c75f425bb96b19f499bdbeef5c54a7f08"}
,"/Users/sandino/repos/letstalk-toolkit/packages/ChatElements/lib/utils/hoc.js": {"path":"/Users/sandino/repos/letstalk-toolkit/packages/ChatElements/lib/utils/hoc.js","statementMap":{"0":{"start":{"line":4,"column":27},"end":{"line":26,"column":3}},"1":{"start":{"line":5,"column":2},"end":{"line":26,"column":3}},"2":{"start":{"line":7,"column":6},"end":{"line":7,"column":62}},"3":{"start":{"line":11,"column":6},"end":{"line":11,"column":65}},"4":{"start":{"line":15,"column":6},"end":{"line":20,"column":7}},"5":{"start":{"line":19,"column":8},"end":{"line":19,"column":39}},"6":{"start":{"line":24,"column":6},"end":{"line":24,"column":50}},"7":{"start":{"line":28,"column":24},"end":{"line":51,"column":1}},"8":{"start":{"line":28,"column":46},"end":{"line":51,"column":1}},"9":{"start":{"line":30,"column":4},"end":{"line":30,"column":17}},"10":{"start":{"line":31,"column":4},"end":{"line":33,"column":6}},"11":{"start":{"line":38,"column":4},"end":{"line":38,"column":57}},"12":{"start":{"line":42,"column":4},"end":{"line":45,"column":7}},"13":{"start":{"line":49,"column":4},"end":{"line":49,"column":64}},"14":{"start":{"line":53,"column":20},"end":{"line":61,"column":3}},"15":{"start":{"line":53,"column":42},"end":{"line":61,"column":3}},"16":{"start":{"line":55,"column":4},"end":{"line":60,"column":10}},"17":{"start":{"line":63,"column":22},"end":{"line":79,"column":3}},"18":{"start":{"line":63,"column":44},"end":{"line":79,"column":3}},"19":{"start":{"line":65,"column":4},"end":{"line":78,"column":10}},"20":{"start":{"line":81,"column":23},"end":{"line":138,"column":1}},"21":{"start":{"line":81,"column":63},"end":{"line":138,"column":1}},"22":{"start":{"line":81,"column":85},"end":{"line":138,"column":1}},"23":{"start":{"line":83,"column":4},"end":{"line":83,"column":17}},"24":{"start":{"line":84,"column":4},"end":{"line":86,"column":6}},"25":{"start":{"line":87,"column":4},"end":{"line":87,"column":43}},"26":{"start":{"line":91,"column":4},"end":{"line":91,"column":35}},"27":{"start":{"line":91,"column":26},"end":{"line":91,"column":33}},"28":{"start":{"line":92,"column":4},"end":{"line":94,"column":7}},"29":{"start":{"line":98,"column":14},"end":{"line":98,"column":27}},"30":{"start":{"line":100,"column":4},"end":{"line":100,"column":23}},"31":{"start":{"line":100,"column":14},"end":{"line":100,"column":21}},"32":{"start":{"line":102,"column":19},"end":{"line":102,"column":36}},"33":{"start":{"line":104,"column":4},"end":{"line":118,"column":5}},"34":{"start":{"line":109,"column":6},"end":{"line":115,"column":7}},"35":{"start":{"line":111,"column":8},"end":{"line":111,"column":37}},"36":{"start":{"line":114,"column":8},"end":{"line":114,"column":24}},"37":{"start":{"line":116,"column":11},"end":{"line":118,"column":5}},"38":{"start":{"line":117,"column":6},"end":{"line":117,"column":78}},"39":{"start":{"line":122,"column":4},"end":{"line":122,"column":57}},"40":{"start":{"line":126,"column":4},"end":{"line":126,"column":24}},"41":{"start":{"line":127,"column":4},"end":{"line":127,"column":74}},"42":{"start":{"line":127,"column":49},"end":{"line":127,"column":72}},"43":{"start":{"line":131,"column":4},"end":{"line":136,"column":6}},"44":{"start":{"line":133,"column":24},"end":{"line":133,"column":40}}},"fnMap":{"0":{"name":"(anonymous_0)","decl":{"start":{"line":4,"column":27},"end":{"line":4,"column":28}},"loc":{"start":{"line":5,"column":2},"end":{"line":26,"column":3}},"line":5},"1":{"name":"(anonymous_1)","decl":{"start":{"line":6,"column":4},"end":{"line":6,"column":5}},"loc":{"start":{"line":6,"column":24},"end":{"line":8,"column":5}},"line":6},"2":{"name":"(anonymous_2)","decl":{"start":{"line":10,"column":4},"end":{"line":10,"column":5}},"loc":{"start":{"line":10,"column":27},"end":{"line":12,"column":5}},"line":10},"3":{"name":"(anonymous_3)","decl":{"start":{"line":14,"column":4},"end":{"line":14,"column":5}},"loc":{"start":{"line":14,"column":15},"end":{"line":21,"column":5}},"line":14},"4":{"name":"(anonymous_4)","decl":{"start":{"line":23,"column":4},"end":{"line":23,"column":5}},"loc":{"start":{"line":23,"column":13},"end":{"line":25,"column":5}},"line":23},"5":{"name":"(anonymous_5)","decl":{"start":{"line":28,"column":24},"end":{"line":28,"column":25}},"loc":{"start":{"line":28,"column":46},"end":{"line":51,"column":1}},"line":28},"6":{"name":"(anonymous_6)","decl":{"start":{"line":29,"column":2},"end":{"line":29,"column":3}},"loc":{"start":{"line":29,"column":21},"end":{"line":34,"column":3}},"line":29},"7":{"name":"(anonymous_7)","decl":{"start":{"line":37,"column":2},"end":{"line":37,"column":3}},"loc":{"start":{"line":37,"column":22},"end":{"line":39,"column":3}},"line":37},"8":{"name":"(anonymous_8)","decl":{"start":{"line":41,"column":2},"end":{"line":41,"column":3}},"loc":{"start":{"line":41,"column":17},"end":{"line":46,"column":3}},"line":41},"9":{"name":"(anonymous_9)","decl":{"start":{"line":48,"column":2},"end":{"line":48,"column":3}},"loc":{"start":{"line":48,"column":11},"end":{"line":50,"column":3}},"line":48},"10":{"name":"(anonymous_10)","decl":{"start":{"line":53,"column":20},"end":{"line":53,"column":21}},"loc":{"start":{"line":53,"column":42},"end":{"line":61,"column":3}},"line":53},"11":{"name":"(anonymous_11)","decl":{"start":{"line":53,"column":42},"end":{"line":53,"column":43}},"loc":{"start":{"line":55,"column":4},"end":{"line":60,"column":10}},"line":55},"12":{"name":"(anonymous_12)","decl":{"start":{"line":63,"column":22},"end":{"line":63,"column":23}},"loc":{"start":{"line":63,"column":44},"end":{"line":79,"column":3}},"line":63},"13":{"name":"(anonymous_13)","decl":{"start":{"line":63,"column":44},"end":{"line":63,"column":45}},"loc":{"start":{"line":65,"column":4},"end":{"line":78,"column":10}},"line":65},"14":{"name":"(anonymous_14)","decl":{"start":{"line":81,"column":23},"end":{"line":81,"column":24}},"loc":{"start":{"line":81,"column":63},"end":{"line":138,"column":1}},"line":81},"15":{"name":"(anonymous_15)","decl":{"start":{"line":81,"column":63},"end":{"line":81,"column":64}},"loc":{"start":{"line":81,"column":85},"end":{"line":138,"column":1}},"line":81},"16":{"name":"(anonymous_16)","decl":{"start":{"line":82,"column":2},"end":{"line":82,"column":3}},"loc":{"start":{"line":82,"column":21},"end":{"line":88,"column":3}},"line":82},"17":{"name":"(anonymous_17)","decl":{"start":{"line":90,"column":2},"end":{"line":90,"column":3}},"loc":{"start":{"line":90,"column":30},"end":{"line":95,"column":3}},"line":90},"18":{"name":"(anonymous_18)","decl":{"start":{"line":97,"column":2},"end":{"line":97,"column":3}},"loc":{"start":{"line":97,"column":23},"end":{"line":119,"column":3}},"line":97},"19":{"name":"(anonymous_19)","decl":{"start":{"line":121,"column":2},"end":{"line":121,"column":3}},"loc":{"start":{"line":121,"column":15},"end":{"line":123,"column":3}},"line":121},"20":{"name":"(anonymous_20)","decl":{"start":{"line":125,"column":2},"end":{"line":125,"column":3}},"loc":{"start":{"line":125,"column":15},"end":{"line":128,"column":3}},"line":125},"21":{"name":"(anonymous_21)","decl":{"start":{"line":130,"column":2},"end":{"line":130,"column":3}},"loc":{"start":{"line":130,"column":11},"end":{"line":137,"column":3}},"line":130},"22":{"name":"(anonymous_22)","decl":{"start":{"line":133,"column":16},"end":{"line":133,"column":17}},"loc":{"start":{"line":133,"column":24},"end":{"line":133,"column":40}},"line":133}},"branchMap":{"0":{"loc":{"start":{"line":15,"column":6},"end":{"line":20,"column":7}},"type":"if","locations":[{"start":{"line":15,"column":6},"end":{"line":20,"column":7}},{"start":{"line":15,"column":6},"end":{"line":20,"column":7}}],"line":15},"1":{"loc":{"start":{"line":16,"column":8},"end":{"line":17,"column":30}},"type":"binary-expr","locations":[{"start":{"line":16,"column":8},"end":{"line":16,"column":83}},{"start":{"line":17,"column":8},"end":{"line":17,"column":30}}],"line":16},"2":{"loc":{"start":{"line":58,"column":9},"end":{"line":58,"column":51}},"type":"binary-expr","locations":[{"start":{"line":58,"column":9},"end":{"line":58,"column":24}},{"start":{"line":58,"column":28},"end":{"line":58,"column":51}}],"line":58},"3":{"loc":{"start":{"line":69,"column":10},"end":{"line":75,"column":19}},"type":"binary-expr","locations":[{"start":{"line":69,"column":11},"end":{"line":69,"column":30}},{"start":{"line":69,"column":34},"end":{"line":69,"column":50}},{"start":{"line":70,"column":10},"end":{"line":75,"column":19}}],"line":69},"4":{"loc":{"start":{"line":91,"column":4},"end":{"line":91,"column":35}},"type":"if","locations":[{"start":{"line":91,"column":4},"end":{"line":91,"column":35}},{"start":{"line":91,"column":4},"end":{"line":91,"column":35}}],"line":91},"5":{"loc":{"start":{"line":100,"column":4},"end":{"line":100,"column":23}},"type":"if","locations":[{"start":{"line":100,"column":4},"end":{"line":100,"column":23}},{"start":{"line":100,"column":4},"end":{"line":100,"column":23}}],"line":100},"6":{"loc":{"start":{"line":104,"column":4},"end":{"line":118,"column":5}},"type":"if","locations":[{"start":{"line":104,"column":4},"end":{"line":118,"column":5}},{"start":{"line":104,"column":4},"end":{"line":118,"column":5}}],"line":104},"7":{"loc":{"start":{"line":104,"column":8},"end":{"line":107,"column":7}},"type":"binary-expr","locations":[{"start":{"line":104,"column":8},"end":{"line":104,"column":28}},{"start":{"line":105,"column":8},"end":{"line":105,"column":30}},{"start":{"line":105,"column":34},"end":{"line":105,"column":52}},{"start":{"line":106,"column":8},"end":{"line":106,"column":27}},{"start":{"line":106,"column":31},"end":{"line":106,"column":49}}],"line":104},"8":{"loc":{"start":{"line":109,"column":6},"end":{"line":115,"column":7}},"type":"if","locations":[{"start":{"line":109,"column":6},"end":{"line":115,"column":7}},{"start":{"line":109,"column":6},"end":{"line":115,"column":7}}],"line":109},"9":{"loc":{"start":{"line":116,"column":11},"end":{"line":118,"column":5}},"type":"if","locations":[{"start":{"line":116,"column":11},"end":{"line":118,"column":5}},{"start":{"line":116,"column":11},"end":{"line":118,"column":5}}],"line":116},"10":{"loc":{"start":{"line":127,"column":4},"end":{"line":127,"column":74}},"type":"if","locations":[{"start":{"line":127,"column":4},"end":{"line":127,"column":74}},{"start":{"line":127,"column":4},"end":{"line":127,"column":74}}],"line":127}},"s":{"0":1,"1":0,"2":0,"3":0,"4":0,"5":0,"6":0,"7":1,"8":0,"9":0,"10":0,"11":0,"12":0,"13":0,"14":1,"15":0,"16":0,"17":1,"18":0,"19":0,"20":1,"21":1,"22":1,"23":2,"24":2,"25":2,"26":0,"27":0,"28":0,"29":0,"30":0,"31":0,"32":0,"33":0,"34":0,"35":0,"36":0,"37":0,"38":0,"39":0,"40":0,"41":0,"42":0,"43":2,"44":0},"f":{"0":0,"1":0,"2":0,"3":0,"4":0,"5":0,"6":0,"7":0,"8":0,"9":0,"10":0,"11":0,"12":0,"13":0,"14":1,"15":1,"16":2,"17":0,"18":0,"19":0,"20":0,"21":2,"22":0},"b":{"0":[0,0],"1":[0,0],"2":[0,0],"3":[0,0,0],"4":[0,0],"5":[0,0],"6":[0,0],"7":[0,0,0,0,0],"8":[0,0],"9":[0,0],"10":[0,0]},"_coverageSchema":"332fd63041d2c1bcb487cc26dd0d5f7d97098a6c","hash":"a765d5142022acd4e59daeb8b637708e2159bdff"}
}
