TN:
SF:/Users/sandino/repos/letstalk-toolkit/packages/ChatElements/lib/components/ActionableMessageBox/index.js
FN:7,(anonymous_0)
FN:13,(anonymous_1)
FN:19,(anonymous_2)
FNF:3
FNH:2
FNDA:2,(anonymous_0)
FNDA:8,(anonymous_1)
FNDA:0,(anonymous_2)
DA:7,2
DA:8,2
DA:9,2
DA:11,2
DA:15,8
DA:19,0
DA:28,2
DA:32,2
LF:8
LH:7
BRDA:19,0,0,8
BRDA:19,0,1,0
BRF:2
BRH:1
end_of_record
TN:
SF:/Users/sandino/repos/letstalk-toolkit/packages/ChatElements/lib/components/Avatar/index.js
FN:7,(anonymous_0)
FNF:1
FNH:1
FNDA:2,(anonymous_0)
DA:7,5
DA:9,2
DA:21,5
DA:30,5
LF:4
LH:4
BRDA:17,0,0,2
BRDA:17,0,1,1
BRF:2
BRH:2
end_of_record
TN:
SF:/Users/sandino/repos/letstalk-toolkit/packages/ChatElements/lib/components/Button/index.js
FN:12,(anonymous_0)
FN:20,(anonymous_1)
FN:31,(anonymous_2)
FN:33,(anonymous_3)
FN:36,(anonymous_4)
FN:46,(anonymous_5)
FN:58,(anonymous_6)
FNF:7
FNH:2
FNDA:2,(anonymous_0)
FNDA:0,(anonymous_1)
FNDA:0,(anonymous_2)
FNDA:0,(anonymous_3)
FNDA:0,(anonymous_4)
FNDA:2,(anonymous_5)
FNDA:0,(anonymous_6)
DA:7,2
DA:8,2
DA:13,2
DA:14,2
DA:21,0
DA:23,0
DA:24,0
DA:26,0
DA:28,0
DA:30,0
DA:31,0
DA:33,0
DA:34,0
DA:36,0
DA:42,0
DA:49,2
DA:51,2
DA:58,0
DA:65,2
LF:19
LH:7
BRDA:30,0,0,0
BRDA:30,0,1,0
BRDA:30,1,0,0
BRDA:30,1,1,0
BRDA:56,2,0,0
BRDA:56,2,1,2
BRDA:57,3,0,0
BRDA:57,3,1,2
BRF:8
BRH:2
end_of_record
TN:
SF:/Users/sandino/repos/letstalk-toolkit/packages/ChatElements/lib/components/ChatIcon/index.js
FN:9,(anonymous_0)
FN:64,(anonymous_1)
FN:65,(anonymous_2)
FN:89,(anonymous_3)
FN:118,(anonymous_4)
FNF:5
FNH:1
FNDA:2,(anonymous_0)
FNDA:0,(anonymous_1)
FNDA:0,(anonymous_2)
FNDA:0,(anonymous_3)
FNDA:0,(anonymous_4)
DA:9,1
DA:12,2
DA:13,2
DA:15,2
DA:16,2
DA:19,2
DA:20,0
DA:23,2
DA:24,0
DA:27,2
DA:28,0
DA:33,2
DA:37,2
DA:39,2
DA:41,2
DA:43,2
DA:60,2
DA:63,2
DA:64,0
DA:65,0
DA:81,2
DA:86,2
DA:89,0
DA:99,2
DA:118,0
DA:131,2
DA:140,1
DA:182,1
LF:28
LH:21
BRDA:15,0,0,2
BRDA:15,0,1,0
BRDA:15,1,0,2
BRDA:15,1,1,0
BRDA:19,2,0,0
BRDA:19,2,1,2
BRDA:19,3,0,2
BRDA:19,3,1,2
BRDA:23,4,0,0
BRDA:23,4,1,2
BRDA:27,5,0,0
BRDA:27,5,1,2
BRDA:36,6,0,2
BRDA:41,7,0,0
BRDA:41,7,1,2
BRDA:92,8,0,2
BRDA:92,8,1,2
BRDA:94,9,0,2
BRDA:94,9,1,0
BRDA:127,10,0,2
BRDA:127,10,1,0
BRDA:133,11,0,2
BRDA:133,11,1,0
BRDA:134,12,0,2
BRDA:134,12,1,2
BRF:25
BRH:16
end_of_record
TN:
SF:/Users/sandino/repos/letstalk-toolkit/packages/ChatElements/lib/components/ConversationBox/index.js
FN:12,(anonymous_0)
FN:60,(anonymous_1)
FNF:2
FNH:2
FNDA:2,(anonymous_0)
FNDA:2,(anonymous_1)
DA:12,2
DA:13,2
DA:14,2
DA:15,2
DA:16,2
DA:17,2
DA:19,2
DA:61,2
DA:74,2
DA:80,2
LF:10
LH:10
BRDA:14,0,0,2
BRDA:14,0,1,0
BRDA:15,1,0,0
BRDA:15,1,1,2
BRDA:33,2,0,2
BRDA:33,2,1,2
BRDA:51,3,0,2
BRDA:51,3,1,2
BRF:8
BRH:6
end_of_record
TN:
SF:/Users/sandino/repos/letstalk-toolkit/packages/ChatElements/lib/components/ConversationList/Loadable.js
FN:6,(anonymous_0)
FN:6,(anonymous_1)
FN:9,(anonymous_2)
FN:9,(anonymous_3)
FN:14,(anonymous_4)
FNF:5
FNH:0
FNDA:0,(anonymous_0)
FNDA:0,(anonymous_1)
FNDA:0,(anonymous_2)
FNDA:0,(anonymous_3)
FNDA:0,(anonymous_4)
DA:6,1
DA:8,1
DA:9,0
DA:14,1
LF:4
LH:3
BRF:0
BRH:0
end_of_record
TN:
SF:/Users/sandino/repos/letstalk-toolkit/packages/ChatElements/lib/components/ConversationList/index.js
FN:11,(anonymous_0)
FN:17,(anonymous_1)
FN:22,(anonymous_2)
FN:28,(anonymous_3)
FNF:4
FNH:0
FNDA:0,(anonymous_0)
FNDA:0,(anonymous_1)
FNDA:0,(anonymous_2)
FNDA:0,(anonymous_3)
DA:12,0
DA:13,0
DA:18,0
DA:24,0
DA:28,0
DA:52,1
DA:73,1
DA:80,1
LF:8
LH:3
BRDA:12,0,0,0
BRDA:12,0,1,0
BRDA:20,1,0,0
BRDA:20,1,1,0
BRDA:28,2,0,0
BRDA:28,2,1,0
BRDA:37,3,0,0
BRDA:37,3,1,0
BRF:8
BRH:0
end_of_record
TN:
SF:/Users/sandino/repos/letstalk-toolkit/packages/ChatElements/lib/components/ConversationListBox/index.js
FN:10,(anonymous_0)
FNF:1
FNH:1
FNDA:2,(anonymous_0)
DA:10,1
DA:25,2
DA:27,2
DA:53,1
DA:69,1
LF:5
LH:5
BRF:0
BRH:0
end_of_record
TN:
SF:/Users/sandino/repos/letstalk-toolkit/packages/ChatElements/lib/components/FileMessage/index.js
FN:11,(anonymous_0)
FN:16,(anonymous_1)
FN:26,(anonymous_2)
FNF:3
FNH:2
FNDA:1,(anonymous_0)
FNDA:0,(anonymous_1)
FNDA:1,(anonymous_2)
DA:12,1
DA:13,1
DA:17,0
DA:19,0
DA:20,0
DA:21,0
DA:22,0
DA:27,1
DA:63,2
DA:71,2
LF:10
LH:5
BRDA:17,0,0,0
BRDA:17,0,1,0
BRDA:19,1,0,0
BRDA:19,1,1,0
BRDA:19,2,0,0
BRDA:19,2,1,0
BRDA:21,3,0,0
BRDA:21,3,1,0
BRDA:21,4,0,0
BRDA:21,4,1,0
BRDA:43,5,0,1
BRDA:43,5,1,0
BRDA:43,5,2,0
BRDA:43,5,3,0
BRDA:51,6,0,1
BRDA:51,6,1,0
BRDA:51,6,2,0
BRDA:51,6,3,0
BRF:18
BRH:2
end_of_record
TN:
SF:/Users/sandino/repos/letstalk-toolkit/packages/ChatElements/lib/components/Header/index.js
FN:10,(anonymous_0)
FNF:1
FNH:0
FNDA:0,(anonymous_0)
DA:10,1
DA:14,0
DA:40,1
LF:3
LH:2
BRDA:16,0,0,0
BRDA:16,0,1,0
BRDA:22,1,0,0
BRDA:22,1,1,0
BRDA:27,2,0,0
BRDA:27,2,1,0
BRF:6
BRH:0
end_of_record
TN:
SF:/Users/sandino/repos/letstalk-toolkit/packages/ChatElements/lib/components/Loader/index.js
FN:8,(anonymous_0)
FN:17,(anonymous_1)
FNF:2
FNH:0
FNDA:0,(anonymous_0)
FNDA:0,(anonymous_1)
DA:8,2
DA:9,0
DA:17,0
DA:18,0
DA:19,0
DA:20,0
DA:21,0
DA:23,0
DA:24,0
DA:25,0
DA:27,0
DA:32,0
DA:33,0
DA:39,0
DA:40,0
DA:41,0
DA:43,0
DA:52,2
DA:65,0
DA:67,0
DA:69,0
DA:70,0
DA:72,0
DA:89,2
LF:24
LH:3
BRDA:19,0,0,0
BRDA:19,0,1,0
BRDA:20,1,0,0
BRDA:20,1,1,0
BRDA:35,2,0,0
BRDA:35,2,1,0
BRDA:65,3,0,0
BRDA:65,3,1,0
BRDA:69,4,0,0
BRDA:69,4,1,0
BRF:10
BRH:0
end_of_record
TN:
SF:/Users/sandino/repos/letstalk-toolkit/packages/ChatElements/lib/components/Loading/index.js
FN:5,(anonymous_0)
FNF:1
FNH:0
FNDA:0,(anonymous_0)
DA:5,1
DA:6,0
DA:7,0
DA:8,0
DA:9,0
DA:11,0
DA:14,1
LF:7
LH:2
BRDA:6,0,0,0
BRDA:6,0,1,0
BRDA:6,1,0,0
BRDA:6,1,1,0
BRDA:8,2,0,0
BRDA:8,2,1,0
BRDA:8,3,0,0
BRDA:8,3,1,0
BRF:8
BRH:0
end_of_record
TN:
SF:/Users/sandino/repos/letstalk-toolkit/packages/ChatElements/lib/components/MessageBox/index.js
FN:23,(anonymous_0)
FNF:1
FNH:1
FNDA:1,(anonymous_0)
DA:23,1
DA:24,1
DA:29,1
DA:31,1
DA:194,1
DA:215,1
LF:6
LH:6
BRDA:29,0,0,1
BRDA:29,0,1,0
BRDA:40,1,0,1
BRDA:40,1,1,0
BRDA:40,1,2,0
BRDA:57,2,0,1
BRDA:57,2,1,0
BRDA:61,3,0,0
BRDA:61,3,1,1
BRDA:74,4,0,1
BRDA:74,4,1,0
BRDA:91,5,0,1
BRDA:91,5,1,0
BRDA:95,6,0,0
BRDA:95,6,1,0
BRDA:103,7,0,0
BRDA:103,7,1,0
BRDA:110,8,0,1
BRDA:110,8,1,1
BRDA:117,9,0,1
BRDA:117,9,1,0
BRDA:124,10,0,1
BRDA:124,10,1,0
BRDA:134,11,0,1
BRDA:134,11,1,0
BRDA:144,12,0,1
BRDA:144,12,1,0
BRDA:151,13,0,1
BRDA:151,13,1,1
BRDA:151,13,2,1
BRDA:154,14,0,1
BRDA:154,14,1,1
BRDA:154,14,2,1
BRDA:154,14,3,1
BRDA:161,15,0,1
BRDA:161,15,1,1
BRDA:164,16,0,1
BRDA:164,16,1,0
BRDA:169,17,0,1
BRDA:169,17,1,0
BRDA:174,18,0,1
BRDA:174,18,1,0
BRDA:179,19,0,1
BRDA:179,19,1,1
BRF:44
BRH:26
end_of_record
TN:
SF:/Users/sandino/repos/letstalk-toolkit/packages/ChatElements/lib/components/PhotoMessage/index.js
FN:9,(anonymous_0)
FNF:1
FNH:1
FNDA:1,(anonymous_0)
DA:9,2
DA:10,1
DA:57,2
DA:64,2
LF:4
LH:4
BRDA:14,0,0,1
BRDA:14,0,1,0
BRDA:14,0,2,0
BRDA:27,1,0,1
BRDA:27,1,1,0
BRDA:27,1,2,0
BRDA:31,2,0,0
BRDA:31,2,1,0
BRDA:40,3,0,0
BRDA:40,3,1,0
BRDA:40,3,2,0
BRDA:48,4,0,1
BRDA:48,4,1,0
BRF:13
BRH:3
end_of_record
TN:
SF:/Users/sandino/repos/letstalk-toolkit/packages/ChatElements/lib/components/SystemMessage/index.js
FN:8,(anonymous_0)
FNF:1
FNH:1
FNDA:1,(anonymous_0)
DA:6,2
DA:8,2
DA:10,1
DA:21,2
LF:4
LH:4
BRF:0
BRH:0
end_of_record
TN:
SF:/Users/sandino/repos/letstalk-toolkit/packages/ChatElements/lib/test-utils/jest.setup.js
FNF:0
FNH:0
DA:5,11
LF:1
LH:1
BRF:0
BRH:0
end_of_record
TN:
SF:/Users/sandino/repos/letstalk-toolkit/packages/ChatElements/lib/utils/hoc.js
FN:4,(anonymous_0)
FN:6,(anonymous_1)
FN:10,(anonymous_2)
FN:14,(anonymous_3)
FN:23,(anonymous_4)
FN:28,(anonymous_5)
FN:29,(anonymous_6)
FN:37,(anonymous_7)
FN:41,(anonymous_8)
FN:48,(anonymous_9)
FN:53,(anonymous_10)
FN:53,(anonymous_11)
FN:63,(anonymous_12)
FN:63,(anonymous_13)
FN:81,(anonymous_14)
FN:81,(anonymous_15)
FN:82,(anonymous_16)
FN:90,(anonymous_17)
FN:97,(anonymous_18)
FN:121,(anonymous_19)
FN:125,(anonymous_20)
FN:130,(anonymous_21)
FN:133,(anonymous_22)
FNF:23
FNH:4
FNDA:0,(anonymous_0)
FNDA:0,(anonymous_1)
FNDA:0,(anonymous_2)
FNDA:0,(anonymous_3)
FNDA:0,(anonymous_4)
FNDA:0,(anonymous_5)
FNDA:0,(anonymous_6)
FNDA:0,(anonymous_7)
FNDA:0,(anonymous_8)
FNDA:0,(anonymous_9)
FNDA:0,(anonymous_10)
FNDA:0,(anonymous_11)
FNDA:0,(anonymous_12)
FNDA:0,(anonymous_13)
FNDA:1,(anonymous_14)
FNDA:1,(anonymous_15)
FNDA:2,(anonymous_16)
FNDA:0,(anonymous_17)
FNDA:0,(anonymous_18)
FNDA:0,(anonymous_19)
FNDA:0,(anonymous_20)
FNDA:2,(anonymous_21)
FNDA:0,(anonymous_22)
DA:4,1
DA:5,0
DA:7,0
DA:11,0
DA:15,0
DA:19,0
DA:24,0
DA:28,1
DA:30,0
DA:31,0
DA:38,0
DA:42,0
DA:49,0
DA:53,1
DA:55,0
DA:63,1
DA:65,0
DA:81,1
DA:83,2
DA:84,2
DA:87,2
DA:91,0
DA:92,0
DA:98,0
DA:100,0
DA:102,0
DA:104,0
DA:109,0
DA:111,0
DA:114,0
DA:116,0
DA:117,0
DA:122,0
DA:126,0
DA:127,0
DA:131,2
DA:133,0
LF:37
LH:9
BRDA:15,0,0,0
BRDA:15,0,1,0
BRDA:16,1,0,0
BRDA:16,1,1,0
BRDA:58,2,0,0
BRDA:58,2,1,0
BRDA:69,3,0,0
BRDA:69,3,1,0
BRDA:69,3,2,0
BRDA:91,4,0,0
BRDA:91,4,1,0
BRDA:100,5,0,0
BRDA:100,5,1,0
BRDA:104,6,0,0
BRDA:104,6,1,0
BRDA:104,7,0,0
BRDA:104,7,1,0
BRDA:104,7,2,0
BRDA:104,7,3,0
BRDA:104,7,4,0
BRDA:109,8,0,0
BRDA:109,8,1,0
BRDA:116,9,0,0
BRDA:116,9,1,0
BRDA:127,10,0,0
BRDA:127,10,1,0
BRF:26
BRH:0
end_of_record
